<testsuites name="Mocha Tests">
  <testsuite name="Calculate test aggregate_cells_by_color test" tests="1" errors="0" failures="0" skipped="0" timestamp="2026-03-29T08:43:37" time="3.8">
    <testcase classname="Calculate test aggregate_cells_by_color test" name="should call AggregateCellsByColor successfully" time="3.798">
    </testcase>
  </testsuite>
  <testsuite name="Calculate test math_calculate test" tests="1" errors="0" failures="0" skipped="0" timestamp="2026-03-29T08:43:40" time="2.663">
    <testcase classname="Calculate test math_calculate test" name="should call MathCalculate successfully" time="2.661">
    </testcase>
  </testsuite>
  <testsuite name="AutoFilterController test get_worksheet_auto_filter test" tests="1" errors="0" failures="0" skipped="0" timestamp="2026-03-29T08:43:43" time="3.181">
    <testcase classname="AutoFilterController test get_worksheet_auto_filter test" name="should call GetWorksheetAutoFilter successfully" time="3.181">
    </testcase>
  </testsuite>
  <testsuite name="AutoFilterController test put_worksheet_date_filter test" tests="1" errors="0" failures="0" skipped="0" timestamp="2026-03-29T08:43:46" time="2.106">
    <testcase classname="AutoFilterController test put_worksheet_date_filter test" name="should call PutWorksheetDateFilter successfully" time="2.103">
    </testcase>
  </testsuite>
  <testsuite name="AutoFilterController test put_worksheet_filter test" tests="1" errors="0" failures="0" skipped="0" timestamp="2026-03-29T08:43:48" time="2.622">
    <testcase classname="AutoFilterController test put_worksheet_filter test" name="should call PutWorksheetFilter successfully" time="2.62">
    </testcase>
  </testsuite>
  <testsuite name="AutoFilterController test put_worksheet_icon_filter test" tests="1" errors="0" failures="0" skipped="0" timestamp="2026-03-29T08:43:51" time="1.052">
    <testcase classname="AutoFilterController test put_worksheet_icon_filter test" name="should call PutWorksheetIconFilter successfully" time="1.052">
    </testcase>
  </testsuite>
  <testsuite name="AutoFilterController test put_worksheet_custom_filter test" tests="1" errors="0" failures="0" skipped="0" timestamp="2026-03-29T08:43:52" time="3.836">
    <testcase classname="AutoFilterController test put_worksheet_custom_filter test" name="should call PutWorksheetCustomFilter successfully" time="3.835">
    </testcase>
  </testsuite>
  <testsuite name="AutoFilterController test put_worksheet_dynamic_filter test" tests="1" errors="0" failures="0" skipped="0" timestamp="2026-03-29T08:43:56" time="1.443">
    <testcase classname="AutoFilterController test put_worksheet_dynamic_filter test" name="should call PutWorksheetDynamicFilter successfully" time="1.443">
    </testcase>
  </testsuite>
  <testsuite name="AutoFilterController test put_worksheet_filter_top10 test" tests="1" errors="0" failures="0" skipped="0" timestamp="2026-03-29T08:43:57" time="2.918">
    <testcase classname="AutoFilterController test put_worksheet_filter_top10 test" name="should call PutWorksheetFilterTop10 successfully" time="2.914">
    </testcase>
  </testsuite>
  <testsuite name="AutoFilterController test put_worksheet_color_filter test" tests="1" errors="0" failures="0" skipped="0" timestamp="2026-03-29T08:44:00" time="2.326">
    <testcase classname="AutoFilterController test put_worksheet_color_filter test" name="should call PutWorksheetColorFilter successfully" time="2.321">
    </testcase>
  </testsuite>
  <testsuite name="AutoFilterController test post_worksheet_match_blanks test" tests="1" errors="0" failures="0" skipped="0" timestamp="2026-03-29T08:44:03" time="1.496">
    <testcase classname="AutoFilterController test post_worksheet_match_blanks test" name="should call PostWorksheetMatchBlanks successfully" time="1.49">
    </testcase>
  </testsuite>
  <testsuite name="AutoFilterController test post_worksheet_match_non_blanks test" tests="1" errors="0" failures="0" skipped="0" timestamp="2026-03-29T08:44:04" time="2.775">
    <testcase classname="AutoFilterController test post_worksheet_match_non_blanks test" name="should call PostWorksheetMatchNonBlanks successfully" time="2.773">
    </testcase>
  </testsuite>
  <testsuite name="AutoFilterController test post_worksheet_auto_filter_refresh test" tests="1" errors="0" failures="0" skipped="0" timestamp="2026-03-29T08:44:07" time="1.843">
    <testcase classname="AutoFilterController test post_worksheet_auto_filter_refresh test" name="should call PostWorksheetAutoFilterRefresh successfully" time="1.837">
    </testcase>
  </testsuite>
  <testsuite name="AutoFilterController test delete_worksheet_date_filter test" tests="1" errors="0" failures="0" skipped="0" timestamp="2026-03-29T08:44:09" time="1.282">
    <testcase classname="AutoFilterController test delete_worksheet_date_filter test" name="should call DeleteWorksheetDateFilter successfully" time="1.281">
    </testcase>
  </testsuite>
  <testsuite name="AutoFilterController test delete_worksheet_filter test" tests="1" errors="0" failures="0" skipped="0" timestamp="2026-03-29T08:44:10" time="2.787">
    <testcase classname="AutoFilterController test delete_worksheet_filter test" name="should call DeleteWorksheetFilter successfully" time="2.782">
    </testcase>
  </testsuite>
  <testsuite name="BatchController test post_batch_convert test" tests="1" errors="0" failures="0" skipped="0" timestamp="2026-03-29T08:44:13" time="4.248">
    <testcase classname="BatchController test post_batch_convert test" name="should call PostBatchConvert successfully" time="4.243">
    </testcase>
  </testsuite>
  <testsuite name="BatchController test post_batch_protect test" tests="1" errors="0" failures="0" skipped="0" timestamp="2026-03-29T08:44:17" time="2.718">
    <testcase classname="BatchController test post_batch_protect test" name="should call PostBatchProtect successfully" time="2.713">
    </testcase>
  </testsuite>
  <testsuite name="BatchController test post_batch_lock test" tests="1" errors="0" failures="0" skipped="0" timestamp="2026-03-29T08:44:20" time="2.812">
    <testcase classname="BatchController test post_batch_lock test" name="should call PostBatchLock successfully" time="2.81">
    </testcase>
  </testsuite>
  <testsuite name="BatchController test post_batch_unlock test" tests="1" errors="0" failures="0" skipped="0" timestamp="2026-03-29T08:44:23" time="2.092">
    <testcase classname="BatchController test post_batch_unlock test" name="should call PostBatchUnlock successfully" time="2.087">
    </testcase>
  </testsuite>
  <testsuite name="BatchController test post_batch_split test" tests="1" errors="0" failures="0" skipped="0" timestamp="2026-03-29T08:44:25" time="5.578">
    <testcase classname="BatchController test post_batch_split test" name="should call PostBatchSplit successfully" time="5.577">
    </testcase>
  </testsuite>
  <testsuite name="CellsController test post_clear_contents test" tests="1" errors="0" failures="0" skipped="0" timestamp="2026-03-29T08:44:30" time="2.18">
    <testcase classname="CellsController test post_clear_contents test" name="should call PostClearContents successfully" time="2.173">
    </testcase>
  </testsuite>
  <testsuite name="CellsController test post_clear_formats test" tests="1" errors="0" failures="0" skipped="0" timestamp="2026-03-29T08:44:32" time="2.887">
    <testcase classname="CellsController test post_clear_formats test" name="should call PostClearFormats successfully" time="2.876">
    </testcase>
  </testsuite>
  <testsuite name="CellsController test post_update_worksheet_range_style test" tests="1" errors="0" failures="0" skipped="0" timestamp="2026-03-29T08:44:35" time="1.35">
    <testcase classname="CellsController test post_update_worksheet_range_style test" name="should call PostUpdateWorksheetRangeStyle successfully" time="1.344">
    </testcase>
  </testsuite>
  <testsuite name="CellsController test post_worksheet_merge test" tests="1" errors="0" failures="0" skipped="0" timestamp="2026-03-29T08:44:37" time="1.801">
    <testcase classname="CellsController test post_worksheet_merge test" name="should call PostWorksheetMerge successfully" time="1.795">
    </testcase>
  </testsuite>
  <testsuite name="CellsController test post_worksheet_unmerge test" tests="1" errors="0" failures="0" skipped="0" timestamp="2026-03-29T08:44:39" time="1.354">
    <testcase classname="CellsController test post_worksheet_unmerge test" name="should call PostWorksheetUnmerge successfully" time="1.35">
    </testcase>
  </testsuite>
  <testsuite name="CellsController test get_worksheet_cells test" tests="1" errors="0" failures="0" skipped="0" timestamp="2026-03-29T08:44:40" time="0.813">
    <testcase classname="CellsController test get_worksheet_cells test" name="should call GetWorksheetCells successfully" time="0.812">
    </testcase>
  </testsuite>
  <testsuite name="CellsController test get_worksheet_cell test" tests="1" errors="0" failures="0" skipped="0" timestamp="2026-03-29T08:44:41" time="1.212">
    <testcase classname="CellsController test get_worksheet_cell test" name="should call GetWorksheetCell successfully" time="1.211">
    </testcase>
  </testsuite>
  <testsuite name="CellsController test get_worksheet_cell_style test" tests="1" errors="0" failures="0" skipped="0" timestamp="2026-03-29T08:44:42" time="1.155">
    <testcase classname="CellsController test get_worksheet_cell_style test" name="should call GetWorksheetCellStyle successfully" time="1.149">
    </testcase>
  </testsuite>
  <testsuite name="CellsController test post_worksheet_cell_set_value test" tests="1" errors="0" failures="0" skipped="0" timestamp="2026-03-29T08:44:43" time="1.145">
    <testcase classname="CellsController test post_worksheet_cell_set_value test" name="should call PostWorksheetCellSetValue successfully" time="1.143">
    </testcase>
  </testsuite>
  <testsuite name="CellsController test post_update_worksheet_cell_style test" tests="1" errors="0" failures="0" skipped="0" timestamp="2026-03-29T08:44:44" time="1.228">
    <testcase classname="CellsController test post_update_worksheet_cell_style test" name="should call PostUpdateWorksheetCellStyle successfully" time="1.224">
    </testcase>
  </testsuite>
  <testsuite name="CellsController test post_set_cell_range_value test" tests="1" errors="0" failures="0" skipped="0" timestamp="2026-03-29T08:44:45" time="1.435">
    <testcase classname="CellsController test post_set_cell_range_value test" name="should call PostSetCellRangeValue successfully" time="1.429">
    </testcase>
  </testsuite>
  <testsuite name="CellsController test post_copy_cell_into_cell test" tests="1" errors="0" failures="0" skipped="0" timestamp="2026-03-29T08:44:47" time="2.059">
    <testcase classname="CellsController test post_copy_cell_into_cell test" name="should call PostCopyCellIntoCell successfully" time="2.054">
    </testcase>
  </testsuite>
  <testsuite name="CellsController test get_cell_html_string test" tests="1" errors="0" failures="0" skipped="0" timestamp="2026-03-29T08:44:49" time="0.612">
    <testcase classname="CellsController test get_cell_html_string test" name="should call GetCellHtmlString successfully" time="0.606">
    </testcase>
  </testsuite>
  <testsuite name="CellsController test post_set_cell_html_string test" tests="1" errors="0" failures="0" skipped="0" timestamp="2026-03-29T08:44:50" time="1.149">
    <testcase classname="CellsController test post_set_cell_html_string test" name="should call PostSetCellHtmlString successfully" time="1.144">
    </testcase>
  </testsuite>
  <testsuite name="CellsController test post_cell_calculate test" tests="1" errors="0" failures="0" skipped="0" timestamp="2026-03-29T08:44:51" time="1.131">
    <testcase classname="CellsController test post_cell_calculate test" name="should call PostCellCalculate successfully" time="1.125">
    </testcase>
  </testsuite>
  <testsuite name="CellsController test post_cell_characters test" tests="1" errors="0" failures="0" skipped="0" timestamp="2026-03-29T08:44:52" time="2.326">
    <testcase classname="CellsController test post_cell_characters test" name="should call PostCellCharacters successfully" time="2.324">
    </testcase>
  </testsuite>
  <testsuite name="CellsController test get_worksheet_columns test" tests="1" errors="0" failures="0" skipped="0" timestamp="2026-03-29T08:44:54" time="1.228">
    <testcase classname="CellsController test get_worksheet_columns test" name="should call GetWorksheetColumns successfully" time="1.223">
    </testcase>
  </testsuite>
  <testsuite name="CellsController test post_set_worksheet_column_width test" tests="1" errors="0" failures="0" skipped="0" timestamp="2026-03-29T08:44:55" time="1.462">
    <testcase classname="CellsController test post_set_worksheet_column_width test" name="should call PostSetWorksheetColumnWidth successfully" time="1.456">
    </testcase>
  </testsuite>
  <testsuite name="CellsController test get_worksheet_column test" tests="1" errors="0" failures="0" skipped="0" timestamp="2026-03-29T08:44:57" time="0.667">
    <testcase classname="CellsController test get_worksheet_column test" name="should call GetWorksheetColumn successfully" time="0.661">
    </testcase>
  </testsuite>
  <testsuite name="CellsController test put_insert_worksheet_columns test" tests="1" errors="0" failures="0" skipped="0" timestamp="2026-03-29T08:44:58" time="1.27">
    <testcase classname="CellsController test put_insert_worksheet_columns test" name="should call PutInsertWorksheetColumns successfully" time="1.265">
    </testcase>
  </testsuite>
  <testsuite name="CellsController test delete_worksheet_columns test" tests="1" errors="0" failures="0" skipped="0" timestamp="2026-03-29T08:44:59" time="1.046">
    <testcase classname="CellsController test delete_worksheet_columns test" name="should call DeleteWorksheetColumns successfully" time="1.041">
    </testcase>
  </testsuite>
  <testsuite name="CellsController test post_hide_worksheet_columns test" tests="1" errors="0" failures="0" skipped="0" timestamp="2026-03-29T08:45:00" time="3.808">
    <testcase classname="CellsController test post_hide_worksheet_columns test" name="should call PostHideWorksheetColumns successfully" time="3.802">
    </testcase>
  </testsuite>
  <testsuite name="CellsController test post_unhide_worksheet_columns test" tests="1" errors="0" failures="0" skipped="0" timestamp="2026-03-29T08:45:04" time="2.269">
    <testcase classname="CellsController test post_unhide_worksheet_columns test" name="should call PostUnhideWorksheetColumns successfully" time="2.263">
    </testcase>
  </testsuite>
  <testsuite name="CellsController test post_group_worksheet_columns test" tests="1" errors="0" failures="0" skipped="0" timestamp="2026-03-29T08:45:06" time="1.571">
    <testcase classname="CellsController test post_group_worksheet_columns test" name="should call PostGroupWorksheetColumns successfully" time="1.566">
    </testcase>
  </testsuite>
  <testsuite name="CellsController test post_ungroup_worksheet_columns test" tests="1" errors="0" failures="0" skipped="0" timestamp="2026-03-29T08:45:07" time="1.759">
    <testcase classname="CellsController test post_ungroup_worksheet_columns test" name="should call PostUngroupWorksheetColumns successfully" time="1.752">
    </testcase>
  </testsuite>
  <testsuite name="CellsController test post_copy_worksheet_columns test" tests="1" errors="0" failures="0" skipped="0" timestamp="2026-03-29T08:45:09" time="1.471">
    <testcase classname="CellsController test post_copy_worksheet_columns test" name="should call PostCopyWorksheetColumns successfully" time="1.465">
    </testcase>
  </testsuite>
  <testsuite name="CellsController test post_column_style test" tests="1" errors="0" failures="0" skipped="0" timestamp="2026-03-29T08:45:11" time="1.291">
    <testcase classname="CellsController test post_column_style test" name="should call PostColumnStyle successfully" time="1.285">
    </testcase>
  </testsuite>
  <testsuite name="CellsController test get_worksheet_rows test" tests="1" errors="0" failures="0" skipped="0" timestamp="2026-03-29T08:45:12" time="0.881">
    <testcase classname="CellsController test get_worksheet_rows test" name="should call GetWorksheetRows successfully" time="0.876">
    </testcase>
  </testsuite>
  <testsuite name="CellsController test get_worksheet_row test" tests="1" errors="0" failures="0" skipped="0" timestamp="2026-03-29T08:45:13" time="0.668">
    <testcase classname="CellsController test get_worksheet_row test" name="should call GetWorksheetRow successfully" time="0.663">
    </testcase>
  </testsuite>
  <testsuite name="CellsController test delete_worksheet_row test" tests="1" errors="0" failures="0" skipped="0" timestamp="2026-03-29T08:45:14" time="1.191">
    <testcase classname="CellsController test delete_worksheet_row test" name="should call DeleteWorksheetRow successfully" time="1.185">
    </testcase>
  </testsuite>
  <testsuite name="CellsController test delete_worksheet_rows test" tests="1" errors="0" failures="0" skipped="0" timestamp="2026-03-29T08:45:15" time="2.433">
    <testcase classname="CellsController test delete_worksheet_rows test" name="should call DeleteWorksheetRows successfully" time="2.428">
    </testcase>
  </testsuite>
  <testsuite name="CellsController test put_insert_worksheet_rows test" tests="1" errors="0" failures="0" skipped="0" timestamp="2026-03-29T08:45:17" time="1.681">
    <testcase classname="CellsController test put_insert_worksheet_rows test" name="should call PutInsertWorksheetRows successfully" time="1.675">
    </testcase>
  </testsuite>
  <testsuite name="CellsController test put_insert_worksheet_row test" tests="1" errors="0" failures="0" skipped="0" timestamp="2026-03-29T08:45:19" time="1.238">
    <testcase classname="CellsController test put_insert_worksheet_row test" name="should call PutInsertWorksheetRow successfully" time="1.232">
    </testcase>
  </testsuite>
  <testsuite name="CellsController test post_update_worksheet_row test" tests="1" errors="0" failures="0" skipped="0" timestamp="2026-03-29T08:45:20" time="1.206">
    <testcase classname="CellsController test post_update_worksheet_row test" name="should call PostUpdateWorksheetRow successfully" time="1.2">
    </testcase>
  </testsuite>
  <testsuite name="CellsController test post_hide_worksheet_rows test" tests="1" errors="0" failures="0" skipped="0" timestamp="2026-03-29T08:45:21" time="1.451">
    <testcase classname="CellsController test post_hide_worksheet_rows test" name="should call PostHideWorksheetRows successfully" time="1.449">
    </testcase>
  </testsuite>
  <testsuite name="CellsController test post_unhide_worksheet_rows test" tests="1" errors="0" failures="0" skipped="0" timestamp="2026-03-29T08:45:23" time="1.11">
    <testcase classname="CellsController test post_unhide_worksheet_rows test" name="should call PostUnhideWorksheetRows successfully" time="1.109">
    </testcase>
  </testsuite>
  <testsuite name="CellsController test post_group_worksheet_rows test" tests="1" errors="0" failures="0" skipped="0" timestamp="2026-03-29T08:45:24" time="1.675">
    <testcase classname="CellsController test post_group_worksheet_rows test" name="should call PostGroupWorksheetRows successfully" time="1.67">
    </testcase>
  </testsuite>
  <testsuite name="CellsController test post_ungroup_worksheet_rows test" tests="1" errors="0" failures="0" skipped="0" timestamp="2026-03-29T08:45:26" time="1.157">
    <testcase classname="CellsController test post_ungroup_worksheet_rows test" name="should call PostUngroupWorksheetRows successfully" time="1.157">
    </testcase>
  </testsuite>
  <testsuite name="CellsController test post_copy_worksheet_rows test" tests="1" errors="0" failures="0" skipped="0" timestamp="2026-03-29T08:45:27" time="1.092">
    <testcase classname="CellsController test post_copy_worksheet_rows test" name="should call PostCopyWorksheetRows successfully" time="1.086">
    </testcase>
  </testsuite>
  <testsuite name="CellsController test post_row_style test" tests="1" errors="0" failures="0" skipped="0" timestamp="2026-03-29T08:45:28" time="1.022">
    <testcase classname="CellsController test post_row_style test" name="should call PostRowStyle successfully" time="1.017">
    </testcase>
  </testsuite>
  <testsuite name="CellsStatusController test get_cells_cloud_services_health_check test" tests="1" errors="0" failures="0" skipped="0" timestamp="2026-03-29T08:45:29" time="1.679">
    <testcase classname="CellsStatusController test get_cells_cloud_services_health_check test" name="should call GetCellsCloudServicesHealthCheck successfully" time="1.673">
    </testcase>
  </testsuite>
  <testsuite name="CellsStatusController test get_cells_cloud_service_status test" tests="1" errors="0" failures="0" skipped="0" timestamp="2026-03-29T08:45:31" time="0.405">
    <testcase classname="CellsStatusController test get_cells_cloud_service_status test" name="should call GetCellsCloudServiceStatus successfully" time="0.4">
    </testcase>
  </testsuite>
  <testsuite name="ChartAreaController test get_chart_area test" tests="1" errors="0" failures="0" skipped="0" timestamp="2026-03-29T08:45:31" time="3.084">
    <testcase classname="ChartAreaController test get_chart_area test" name="should call GetChartArea successfully" time="3.083">
    </testcase>
  </testsuite>
  <testsuite name="ChartAreaController test get_chart_area_fill_format test" tests="1" errors="0" failures="0" skipped="0" timestamp="2026-03-29T08:45:34" time="0.628">
    <testcase classname="ChartAreaController test get_chart_area_fill_format test" name="should call GetChartAreaFillFormat successfully" time="0.623">
    </testcase>
  </testsuite>
  <testsuite name="ChartAreaController test get_chart_area_border test" tests="1" errors="0" failures="0" skipped="0" timestamp="2026-03-29T08:45:35" time="0.748">
    <testcase classname="ChartAreaController test get_chart_area_border test" name="should call GetChartAreaBorder successfully" time="0.743">
    </testcase>
  </testsuite>
  <testsuite name="ChartsController test get_worksheet_charts test" tests="1" errors="0" failures="0" skipped="0" timestamp="2026-03-29T08:45:35" time="1.446">
    <testcase classname="ChartsController test get_worksheet_charts test" name="should call GetWorksheetCharts successfully" time="1.44">
    </testcase>
  </testsuite>
  <testsuite name="ChartsController test get_worksheet_chart test" tests="1" errors="0" failures="0" skipped="0" timestamp="2026-03-29T08:45:37" time="1.466">
    <testcase classname="ChartsController test get_worksheet_chart test" name="should call GetWorksheetChart successfully" time="1.464">
    </testcase>
  </testsuite>
  <testsuite name="ChartsController test put_worksheet_chart test" tests="1" errors="0" failures="0" skipped="0" timestamp="2026-03-29T08:45:38" time="0.997">
    <testcase classname="ChartsController test put_worksheet_chart test" name="should call PutWorksheetChart successfully" time="0.993">
    </testcase>
  </testsuite>
  <testsuite name="ChartsController test delete_worksheet_chart test" tests="1" errors="0" failures="0" skipped="0" timestamp="2026-03-29T08:45:39" time="1.352">
    <testcase classname="ChartsController test delete_worksheet_chart test" name="should call DeleteWorksheetChart successfully" time="1.346">
    </testcase>
  </testsuite>
  <testsuite name="ChartsController test post_worksheet_chart test" tests="1" errors="0" failures="0" skipped="0" timestamp="2026-03-29T08:45:41" time="1.666">
    <testcase classname="ChartsController test post_worksheet_chart test" name="should call PostWorksheetChart successfully" time="1.661">
    </testcase>
  </testsuite>
  <testsuite name="ChartsController test get_worksheet_chart_legend test" tests="1" errors="0" failures="0" skipped="0" timestamp="2026-03-29T08:45:42" time="1.276">
    <testcase classname="ChartsController test get_worksheet_chart_legend test" name="should call GetWorksheetChartLegend successfully" time="1.272">
    </testcase>
  </testsuite>
  <testsuite name="ChartsController test post_worksheet_chart_legend test" tests="1" errors="0" failures="0" skipped="0" timestamp="2026-03-29T08:45:44" time="1.044">
    <testcase classname="ChartsController test post_worksheet_chart_legend test" name="should call PostWorksheetChartLegend successfully" time="1.039">
    </testcase>
  </testsuite>
  <testsuite name="ChartsController test put_worksheet_chart_legend test" tests="1" errors="0" failures="0" skipped="0" timestamp="2026-03-29T08:45:45" time="1.759">
    <testcase classname="ChartsController test put_worksheet_chart_legend test" name="should call PutWorksheetChartLegend successfully" time="1.757">
    </testcase>
  </testsuite>
  <testsuite name="ChartsController test delete_worksheet_chart_legend test" tests="1" errors="0" failures="0" skipped="0" timestamp="2026-03-29T08:45:46" time="1.652">
    <testcase classname="ChartsController test delete_worksheet_chart_legend test" name="should call DeleteWorksheetChartLegend successfully" time="1.646">
    </testcase>
  </testsuite>
  <testsuite name="ChartsController test delete_worksheet_charts test" tests="1" errors="0" failures="0" skipped="0" timestamp="2026-03-29T08:45:48" time="1.21">
    <testcase classname="ChartsController test delete_worksheet_charts test" name="should call DeleteWorksheetCharts successfully" time="1.209">
    </testcase>
  </testsuite>
  <testsuite name="ChartsController test get_worksheet_chart_title test" tests="1" errors="0" failures="1" skipped="0" timestamp="2026-03-29T08:45:49" time="0.468">
    <testcase classname="ChartsController test get_worksheet_chart_title test" name="should call GetWorksheetChartTitle successfully" time="0.45">
      <failure message="the object {
  &quot;code&quot;: 400
  &quot;message&quot;: [undefined]
} was thrown, throw an Error :)"></failure>
    </testcase>
  </testsuite>
  <testsuite name="ChartsController test post_worksheet_chart_title test" tests="1" errors="0" failures="0" skipped="0" timestamp="2026-03-29T08:45:50" time="1.268">
    <testcase classname="ChartsController test post_worksheet_chart_title test" name="should call PostWorksheetChartTitle successfully" time="1.266">
    </testcase>
  </testsuite>
  <testsuite name="ChartsController test put_worksheet_chart_title test" tests="1" errors="0" failures="0" skipped="0" timestamp="2026-03-29T08:45:51" time="1.964">
    <testcase classname="ChartsController test put_worksheet_chart_title test" name="should call PutWorksheetChartTitle successfully" time="1.952">
    </testcase>
  </testsuite>
  <testsuite name="ChartsController test delete_worksheet_chart_title test" tests="1" errors="0" failures="0" skipped="0" timestamp="2026-03-29T08:45:53" time="1.342">
    <testcase classname="ChartsController test delete_worksheet_chart_title test" name="should call DeleteWorksheetChartTitle successfully" time="1.338">
    </testcase>
  </testsuite>
  <testsuite name="ConditionalFormattingsController test get_worksheet_conditional_formattings test" tests="1" errors="0" failures="0" skipped="0" timestamp="2026-03-29T08:45:54" time="1.916">
    <testcase classname="ConditionalFormattingsController test get_worksheet_conditional_formattings test" name="should call GetWorksheetConditionalFormattings successfully" time="1.91">
    </testcase>
  </testsuite>
  <testsuite name="ConditionalFormattingsController test get_worksheet_conditional_formatting test" tests="1" errors="0" failures="0" skipped="0" timestamp="2026-03-29T08:45:56" time="1.312">
    <testcase classname="ConditionalFormattingsController test get_worksheet_conditional_formatting test" name="should call GetWorksheetConditionalFormatting successfully" time="1.311">
    </testcase>
  </testsuite>
  <testsuite name="ConditionalFormattingsController test put_worksheet_conditional_formatting test" tests="1" errors="0" failures="0" skipped="0" timestamp="2026-03-29T08:45:58" time="1.174">
    <testcase classname="ConditionalFormattingsController test put_worksheet_conditional_formatting test" name="should call PutWorksheetConditionalFormatting successfully" time="1.169">
    </testcase>
  </testsuite>
  <testsuite name="ConditionalFormattingsController test put_worksheet_format_condition test" tests="1" errors="0" failures="0" skipped="0" timestamp="2026-03-29T08:45:59" time="1.182">
    <testcase classname="ConditionalFormattingsController test put_worksheet_format_condition test" name="should call PutWorksheetFormatCondition successfully" time="1.177">
    </testcase>
  </testsuite>
  <testsuite name="ConditionalFormattingsController test put_worksheet_format_condition_area test" tests="1" errors="0" failures="0" skipped="0" timestamp="2026-03-29T08:46:00" time="1.723">
    <testcase classname="ConditionalFormattingsController test put_worksheet_format_condition_area test" name="should call PutWorksheetFormatConditionArea successfully" time="1.722">
    </testcase>
  </testsuite>
  <testsuite name="ConditionalFormattingsController test put_worksheet_format_condition_condition test" tests="1" errors="0" failures="0" skipped="0" timestamp="2026-03-29T08:46:02" time="2.763">
    <testcase classname="ConditionalFormattingsController test put_worksheet_format_condition_condition test" name="should call PutWorksheetFormatConditionCondition successfully" time="2.758">
    </testcase>
  </testsuite>
  <testsuite name="ConditionalFormattingsController test delete_worksheet_conditional_formattings test" tests="1" errors="0" failures="0" skipped="0" timestamp="2026-03-29T08:46:04" time="1.84">
    <testcase classname="ConditionalFormattingsController test delete_worksheet_conditional_formattings test" name="should call DeleteWorksheetConditionalFormattings successfully" time="1.838">
    </testcase>
  </testsuite>
  <testsuite name="ConditionalFormattingsController test delete_worksheet_conditional_formatting test" tests="1" errors="0" failures="1" skipped="0" timestamp="2026-03-29T08:46:06" time="2.148">
    <testcase classname="ConditionalFormattingsController test delete_worksheet_conditional_formatting test" name="should call DeleteWorksheetConditionalFormatting successfully" time="2.147">
      <failure message="the object {
  &quot;code&quot;: 400
  &quot;message&quot;: [undefined]
} was thrown, throw an Error :)"></failure>
    </testcase>
  </testsuite>
  <testsuite name="ConditionalFormattingsController test delete_worksheet_conditional_formatting_area test" tests="1" errors="0" failures="0" skipped="0" timestamp="2026-03-29T08:46:08" time="1.419">
    <testcase classname="ConditionalFormattingsController test delete_worksheet_conditional_formatting_area test" name="should call DeleteWorksheetConditionalFormattingArea successfully" time="1.418">
    </testcase>
  </testsuite>
  <testsuite name="Conversion30 test workbook_save_as_csv__out_result_post_excel_save_ascsv test" tests="1" errors="0" failures="0" skipped="0" timestamp="2026-03-29T08:46:10" time="3.196">
    <testcase classname="Conversion30 test workbook_save_as_csv__out_result_post_excel_save_ascsv test" name="should call PostWorkbookSaveAs successfully" time="3.194">
    </testcase>
  </testsuite>
  <testsuite name="Conversion30 test workbook_save_as_html__out_result_post_excel_save_ashtml test" tests="1" errors="0" failures="0" skipped="0" timestamp="2026-03-29T08:46:13" time="2.13">
    <testcase classname="Conversion30 test workbook_save_as_html__out_result_post_excel_save_ashtml test" name="should call PostWorkbookSaveAs successfully" time="2.128">
    </testcase>
  </testsuite>
  <testsuite name="Conversion30 test workbook_save_as_mhtml__out_result_post_excel_save_asmhtml test" tests="1" errors="0" failures="0" skipped="0" timestamp="2026-03-29T08:46:15" time="4.291">
    <testcase classname="Conversion30 test workbook_save_as_mhtml__out_result_post_excel_save_asmhtml test" name="should call PostWorkbookSaveAs successfully" time="4.287">
    </testcase>
  </testsuite>
  <testsuite name="Conversion30 test workbook_save_as_ods__out_result_post_excel_save_asods test" tests="1" errors="0" failures="0" skipped="0" timestamp="2026-03-29T08:46:20" time="2.703">
    <testcase classname="Conversion30 test workbook_save_as_ods__out_result_post_excel_save_asods test" name="should call PostWorkbookSaveAs successfully" time="2.698">
    </testcase>
  </testsuite>
  <testsuite name="Conversion30 test workbook_save_as_pdf__out_result_post_excel_save_aspdf test" tests="1" errors="0" failures="0" skipped="0" timestamp="2026-03-29T08:46:22" time="2.292">
    <testcase classname="Conversion30 test workbook_save_as_pdf__out_result_post_excel_save_aspdf test" name="should call PostWorkbookSaveAs successfully" time="2.285">
    </testcase>
  </testsuite>
  <testsuite name="Conversion30 test workbook_save_as_xml__out_result_post_excel_save_asxml test" tests="1" errors="0" failures="0" skipped="0" timestamp="2026-03-29T08:46:25" time="1.597">
    <testcase classname="Conversion30 test workbook_save_as_xml__out_result_post_excel_save_asxml test" name="should call PostWorkbookSaveAs successfully" time="1.593">
    </testcase>
  </testsuite>
  <testsuite name="Conversion30 test workbook_save_as_txt__out_result_post_excel_save_astxt test" tests="1" errors="0" failures="0" skipped="0" timestamp="2026-03-29T08:46:26" time="3.647">
    <testcase classname="Conversion30 test workbook_save_as_txt__out_result_post_excel_save_astxt test" name="should call PostWorkbookSaveAs successfully" time="3.642">
    </testcase>
  </testsuite>
  <testsuite name="Conversion30 test workbook_save_as_tif__out_result_post_excel_save_astif test" tests="1" errors="0" failures="0" skipped="0" timestamp="2026-03-29T08:46:30" time="8.312">
    <testcase classname="Conversion30 test workbook_save_as_tif__out_result_post_excel_save_astif test" name="should call PostWorkbookSaveAs successfully" time="8.306">
    </testcase>
  </testsuite>
  <testsuite name="Conversion30 test workbook_save_as_xlsb__out_result_post_excel_save_asxlsb test" tests="1" errors="0" failures="0" skipped="0" timestamp="2026-03-29T08:46:38" time="2.304">
    <testcase classname="Conversion30 test workbook_save_as_xlsb__out_result_post_excel_save_asxlsb test" name="should call PostWorkbookSaveAs successfully" time="2.299">
    </testcase>
  </testsuite>
  <testsuite name="Conversion30 test workbook_save_as_xps__out_result_post_excel_save_asxps test" tests="1" errors="0" failures="0" skipped="0" timestamp="2026-03-29T08:46:40" time="2.135">
    <testcase classname="Conversion30 test workbook_save_as_xps__out_result_post_excel_save_asxps test" name="should call PostWorkbookSaveAs successfully" time="2.13">
    </testcase>
  </testsuite>
  <testsuite name="Conversion30 test workbook_save_as_png__out_result_post_excel_save_aspng test" tests="1" errors="0" failures="0" skipped="0" timestamp="2026-03-29T08:46:43" time="2.683">
    <testcase classname="Conversion30 test workbook_save_as_png__out_result_post_excel_save_aspng test" name="should call PostWorkbookSaveAs successfully" time="2.678">
    </testcase>
  </testsuite>
  <testsuite name="Conversion30 test workbook_save_as_md__out_result_post_excel_save_asmd test" tests="1" errors="0" failures="0" skipped="0" timestamp="2026-03-29T08:46:45" time="2.5">
    <testcase classname="Conversion30 test workbook_save_as_md__out_result_post_excel_save_asmd test" name="should call PostWorkbookSaveAs successfully" time="2.498">
    </testcase>
  </testsuite>
  <testsuite name="Conversion30 test workbook_save_as_svg__out_result_post_excel_save_assvg test" tests="1" errors="0" failures="0" skipped="0" timestamp="2026-03-29T08:46:48" time="1.84">
    <testcase classname="Conversion30 test workbook_save_as_svg__out_result_post_excel_save_assvg test" name="should call PostWorkbookSaveAs successfully" time="1.834">
    </testcase>
  </testsuite>
  <testsuite name="Conversion30 test workbook_save_as_docx__out_result_post_excel_save_asdocx test" tests="1" errors="0" failures="0" skipped="0" timestamp="2026-03-29T08:46:50" time="2.481">
    <testcase classname="Conversion30 test workbook_save_as_docx__out_result_post_excel_save_asdocx test" name="should call PostWorkbookSaveAs successfully" time="2.48">
    </testcase>
  </testsuite>
  <testsuite name="Conversion30 test workbook_save_as_pptx__out_result_post_excel_save_aspptx test" tests="1" errors="0" failures="0" skipped="0" timestamp="2026-03-29T08:46:52" time="3.445">
    <testcase classname="Conversion30 test workbook_save_as_pptx__out_result_post_excel_save_aspptx test" name="should call PostWorkbookSaveAs successfully" time="3.441">
    </testcase>
  </testsuite>
  <testsuite name="Conversion30 test workbook_save_as_json__out_result_post_excel_save_asjson test" tests="1" errors="0" failures="0" skipped="0" timestamp="2026-03-29T08:46:55" time="1.027">
    <testcase classname="Conversion30 test workbook_save_as_json__out_result_post_excel_save_asjson test" name="should call PostWorkbookSaveAs successfully" time="1.026">
    </testcase>
  </testsuite>
  <testsuite name="Conversion30 test workbook_save_as_sql__out_result_post_excel_save_assql test" tests="1" errors="0" failures="0" skipped="0" timestamp="2026-03-29T08:46:57" time="2.078">
    <testcase classname="Conversion30 test workbook_save_as_sql__out_result_post_excel_save_assql test" name="should call PostWorkbookSaveAs successfully" time="2.078">
    </testcase>
  </testsuite>
  <testsuite name="Conversion30 test get_workbook_format_csv test" tests="1" errors="0" failures="0" skipped="0" timestamp="2026-03-29T08:46:59" time="1.246">
    <testcase classname="Conversion30 test get_workbook_format_csv test" name="should call GetWorkbook successfully" time="1.241">
    </testcase>
  </testsuite>
  <testsuite name="Conversion30 test get_workbook_format_html test" tests="1" errors="0" failures="0" skipped="0" timestamp="2026-03-29T08:47:00" time="16.477">
    <testcase classname="Conversion30 test get_workbook_format_html test" name="should call GetWorkbook successfully" time="16.475">
    </testcase>
  </testsuite>
  <testsuite name="Conversion30 test get_workbook_format_mhtml test" tests="1" errors="0" failures="0" skipped="0" timestamp="2026-03-29T08:47:16" time="9.444">
    <testcase classname="Conversion30 test get_workbook_format_mhtml test" name="should call GetWorkbook successfully" time="9.44">
    </testcase>
  </testsuite>
  <testsuite name="Conversion30 test get_workbook_format_ods test" tests="1" errors="0" failures="0" skipped="0" timestamp="2026-03-29T08:47:26" time="3.543">
    <testcase classname="Conversion30 test get_workbook_format_ods test" name="should call GetWorkbook successfully" time="3.537">
    </testcase>
  </testsuite>
  <testsuite name="Conversion30 test get_workbook_format_pdf test" tests="1" errors="0" failures="0" skipped="0" timestamp="2026-03-29T08:47:29" time="6.185">
    <testcase classname="Conversion30 test get_workbook_format_pdf test" name="should call GetWorkbook successfully" time="6.18">
    </testcase>
  </testsuite>
  <testsuite name="Conversion30 test get_workbook_format_xml test" tests="1" errors="0" failures="0" skipped="0" timestamp="2026-03-29T08:47:35" time="1.367">
    <testcase classname="Conversion30 test get_workbook_format_xml test" name="should call GetWorkbook successfully" time="1.362">
    </testcase>
  </testsuite>
  <testsuite name="Conversion30 test get_workbook_format_txt test" tests="1" errors="0" failures="0" skipped="0" timestamp="2026-03-29T08:47:37" time="1.473">
    <testcase classname="Conversion30 test get_workbook_format_txt test" name="should call GetWorkbook successfully" time="1.472">
    </testcase>
  </testsuite>
  <testsuite name="Conversion30 test get_workbook_format_tif test" tests="1" errors="0" failures="0" skipped="0" timestamp="2026-03-29T08:47:38" time="26.342">
    <testcase classname="Conversion30 test get_workbook_format_tif test" name="should call GetWorkbook successfully" time="26.337">
    </testcase>
  </testsuite>
  <testsuite name="Conversion30 test get_workbook_format_xps test" tests="1" errors="0" failures="0" skipped="0" timestamp="2026-03-29T08:48:05" time="16.21">
    <testcase classname="Conversion30 test get_workbook_format_xps test" name="should call GetWorkbook successfully" time="16.208">
    </testcase>
  </testsuite>
  <testsuite name="Conversion30 test get_workbook_format_png test" tests="1" errors="0" failures="0" skipped="0" timestamp="2026-03-29T08:48:21" time="16.099">
    <testcase classname="Conversion30 test get_workbook_format_png test" name="should call GetWorkbook successfully" time="16.094">
    </testcase>
  </testsuite>
  <testsuite name="Conversion30 test get_workbook_format_md test" tests="1" errors="0" failures="0" skipped="0" timestamp="2026-03-29T08:48:37" time="8.518">
    <testcase classname="Conversion30 test get_workbook_format_md test" name="should call GetWorkbook successfully" time="8.514">
    </testcase>
  </testsuite>
  <testsuite name="Conversion30 test get_workbook_format_svg test" tests="1" errors="0" failures="0" skipped="0" timestamp="2026-03-29T08:48:46" time="1.662">
    <testcase classname="Conversion30 test get_workbook_format_svg test" name="should call GetWorkbook successfully" time="1.661">
    </testcase>
  </testsuite>
  <testsuite name="Conversion30 test get_workbook_format_docx test" tests="1" errors="0" failures="0" skipped="0" timestamp="2026-03-29T08:48:47" time="10.61">
    <testcase classname="Conversion30 test get_workbook_format_docx test" name="should call GetWorkbook successfully" time="10.605">
    </testcase>
  </testsuite>
  <testsuite name="Conversion30 test get_workbook_format_pptx test" tests="1" errors="0" failures="0" skipped="0" timestamp="2026-03-29T08:48:58" time="13.388">
    <testcase classname="Conversion30 test get_workbook_format_pptx test" name="should call GetWorkbook successfully" time="13.384">
    </testcase>
  </testsuite>
  <testsuite name="Conversion30 test get_workbook_format_json test" tests="1" errors="0" failures="0" skipped="0" timestamp="2026-03-29T08:49:11" time="2.949">
    <testcase classname="Conversion30 test get_workbook_format_json test" name="should call GetWorkbook successfully" time="2.943">
    </testcase>
  </testsuite>
  <testsuite name="Conversion30 test get_workbook_format_sql test" tests="1" errors="0" failures="0" skipped="0" timestamp="2026-03-29T08:49:14" time="3.374">
    <testcase classname="Conversion30 test get_workbook_format_sql test" name="should call GetWorkbook successfully" time="3.368">
    </testcase>
  </testsuite>
  <testsuite name="Conversion30 test convert_workbook_csv test" tests="1" errors="0" failures="0" skipped="0" timestamp="2026-03-29T08:49:18" time="7.844">
    <testcase classname="Conversion30 test convert_workbook_csv test" name="should call PutConvertWorkbook successfully" time="7.837">
    </testcase>
  </testsuite>
  <testsuite name="Conversion30 test convert_workbook_xls test" tests="1" errors="0" failures="0" skipped="0" timestamp="2026-03-29T08:49:25" time="15.839">
    <testcase classname="Conversion30 test convert_workbook_xls test" name="should call PutConvertWorkbook successfully" time="15.836">
    </testcase>
  </testsuite>
  <testsuite name="Conversion30 test convert_workbook_html test" tests="1" errors="0" failures="0" skipped="0" timestamp="2026-03-29T08:49:41" time="15.236">
    <testcase classname="Conversion30 test convert_workbook_html test" name="should call PutConvertWorkbook successfully" time="15.235">
    </testcase>
  </testsuite>
  <testsuite name="Conversion30 test convert_workbook_mhtml test" tests="1" errors="0" failures="0" skipped="0" timestamp="2026-03-29T08:49:56" time="16.439">
    <testcase classname="Conversion30 test convert_workbook_mhtml test" name="should call PutConvertWorkbook successfully" time="16.438">
    </testcase>
  </testsuite>
  <testsuite name="Conversion30 test convert_workbook_ods test" tests="1" errors="0" failures="0" skipped="0" timestamp="2026-03-29T08:50:13" time="7.55">
    <testcase classname="Conversion30 test convert_workbook_ods test" name="should call PutConvertWorkbook successfully" time="7.549">
    </testcase>
  </testsuite>
  <testsuite name="Conversion30 test convert_workbook_pdf test" tests="1" errors="0" failures="0" skipped="0" timestamp="2026-03-29T08:50:20" time="18.397">
    <testcase classname="Conversion30 test convert_workbook_pdf test" name="should call PutConvertWorkbook successfully" time="18.38">
    </testcase>
  </testsuite>
  <testsuite name="Conversion30 test convert_workbook_xml test" tests="1" errors="0" failures="0" skipped="0" timestamp="2026-03-29T08:50:39" time="5.011">
    <testcase classname="Conversion30 test convert_workbook_xml test" name="should call PutConvertWorkbook successfully" time="5.009">
    </testcase>
  </testsuite>
  <testsuite name="Conversion30 test convert_workbook_txt test" tests="1" errors="0" failures="1" skipped="0" timestamp="2026-03-29T08:50:44" time="12.548">
    <testcase classname="Conversion30 test convert_workbook_txt test" name="should call PutConvertWorkbook successfully" time="12.543">
      <failure message="read ECONNRESET"></failure>
    </testcase>
  </testsuite>
  <testsuite name="Conversion30 test convert_workbook_tif test" tests="1" errors="0" failures="0" skipped="0" timestamp="2026-03-29T08:50:56" time="37.49">
    <testcase classname="Conversion30 test convert_workbook_tif test" name="should call PutConvertWorkbook successfully" time="37.485">
    </testcase>
  </testsuite>
  <testsuite name="Conversion30 test convert_workbook_xlsb test" tests="1" errors="0" failures="0" skipped="0" timestamp="2026-03-29T08:51:34" time="11.901">
    <testcase classname="Conversion30 test convert_workbook_xlsb test" name="should call PutConvertWorkbook successfully" time="11.897">
    </testcase>
  </testsuite>
  <testsuite name="Conversion30 test convert_workbook_xps test" tests="1" errors="0" failures="0" skipped="0" timestamp="2026-03-29T08:51:46" time="19.117">
    <testcase classname="Conversion30 test convert_workbook_xps test" name="should call PutConvertWorkbook successfully" time="19.115">
    </testcase>
  </testsuite>
  <testsuite name="Conversion30 test convert_workbook_png test" tests="1" errors="0" failures="0" skipped="0" timestamp="2026-03-29T08:52:05" time="26.82">
    <testcase classname="Conversion30 test convert_workbook_png test" name="should call PutConvertWorkbook successfully" time="26.819">
    </testcase>
  </testsuite>
  <testsuite name="Conversion30 test convert_workbook_md test" tests="1" errors="0" failures="0" skipped="0" timestamp="2026-03-29T08:52:32" time="16.228">
    <testcase classname="Conversion30 test convert_workbook_md test" name="should call PutConvertWorkbook successfully" time="16.222">
    </testcase>
  </testsuite>
  <testsuite name="Conversion30 test convert_workbook_svg test" tests="1" errors="0" failures="0" skipped="0" timestamp="2026-03-29T08:52:48" time="4.177">
    <testcase classname="Conversion30 test convert_workbook_svg test" name="should call PutConvertWorkbook successfully" time="4.176">
    </testcase>
  </testsuite>
  <testsuite name="Conversion30 test convert_workbook_docx test" tests="1" errors="0" failures="0" skipped="0" timestamp="2026-03-29T08:52:52" time="7.752">
    <testcase classname="Conversion30 test convert_workbook_docx test" name="should call PutConvertWorkbook successfully" time="7.747">
    </testcase>
  </testsuite>
  <testsuite name="Conversion30 test convert_workbook_pptx test" tests="1" errors="0" failures="0" skipped="0" timestamp="2026-03-29T08:53:00" time="8.668">
    <testcase classname="Conversion30 test convert_workbook_pptx test" name="should call PutConvertWorkbook successfully" time="8.662">
    </testcase>
  </testsuite>
  <testsuite name="Conversion30 test convert_workbook_json test" tests="1" errors="0" failures="0" skipped="0" timestamp="2026-03-29T08:53:09" time="2.422">
    <testcase classname="Conversion30 test convert_workbook_json test" name="should call PutConvertWorkbook successfully" time="2.421">
    </testcase>
  </testsuite>
  <testsuite name="Conversion30 test convert_workbook_sql test" tests="1" errors="0" failures="0" skipped="0" timestamp="2026-03-29T08:53:11" time="5">
    <testcase classname="Conversion30 test convert_workbook_sql test" name="should call PutConvertWorkbook successfully" time="4.999">
    </testcase>
  </testsuite>
  <testsuite name="Conversion30 test convert_workbook_save_cloud_csv__out_result_convert_workbookcsv test" tests="1" errors="0" failures="0" skipped="0" timestamp="2026-03-29T08:53:16" time="3.838">
    <testcase classname="Conversion30 test convert_workbook_save_cloud_csv__out_result_convert_workbookcsv test" name="should call PutConvertWorkbook successfully" time="3.832">
    </testcase>
  </testsuite>
  <testsuite name="Conversion30 test convert_workbook_save_cloud_xls__out_result_convert_workbookxls test" tests="1" errors="0" failures="0" skipped="0" timestamp="2026-03-29T08:53:20" time="2.471">
    <testcase classname="Conversion30 test convert_workbook_save_cloud_xls__out_result_convert_workbookxls test" name="should call PutConvertWorkbook successfully" time="2.466">
    </testcase>
  </testsuite>
  <testsuite name="Conversion30 test convert_workbook_save_cloud_html__out_result_convert_workbookhtml test" tests="1" errors="0" failures="0" skipped="0" timestamp="2026-03-29T08:53:22" time="1.796">
    <testcase classname="Conversion30 test convert_workbook_save_cloud_html__out_result_convert_workbookhtml test" name="should call PutConvertWorkbook successfully" time="1.792">
    </testcase>
  </testsuite>
  <testsuite name="Conversion30 test convert_workbook_save_cloud_mhtml__out_result_convert_workbookmhtml test" tests="1" errors="0" failures="0" skipped="0" timestamp="2026-03-29T08:53:24" time="2.553">
    <testcase classname="Conversion30 test convert_workbook_save_cloud_mhtml__out_result_convert_workbookmhtml test" name="should call PutConvertWorkbook successfully" time="2.552">
    </testcase>
  </testsuite>
  <testsuite name="Conversion30 test convert_workbook_save_cloud_ods__out_result_convert_workbookods test" tests="1" errors="0" failures="0" skipped="0" timestamp="2026-03-29T08:53:27" time="2.263">
    <testcase classname="Conversion30 test convert_workbook_save_cloud_ods__out_result_convert_workbookods test" name="should call PutConvertWorkbook successfully" time="2.257">
    </testcase>
  </testsuite>
  <testsuite name="Conversion30 test convert_workbook_save_cloud_pdf__out_result_convert_workbookpdf test" tests="1" errors="0" failures="0" skipped="0" timestamp="2026-03-29T08:53:29" time="2.971">
    <testcase classname="Conversion30 test convert_workbook_save_cloud_pdf__out_result_convert_workbookpdf test" name="should call PutConvertWorkbook successfully" time="2.969">
    </testcase>
  </testsuite>
  <testsuite name="Conversion30 test convert_workbook_save_cloud_xml__out_result_convert_workbookxml test" tests="1" errors="0" failures="0" skipped="0" timestamp="2026-03-29T08:53:32" time="2.015">
    <testcase classname="Conversion30 test convert_workbook_save_cloud_xml__out_result_convert_workbookxml test" name="should call PutConvertWorkbook successfully" time="2.01">
    </testcase>
  </testsuite>
  <testsuite name="Conversion30 test convert_workbook_save_cloud_txt__out_result_convert_workbooktxt test" tests="1" errors="0" failures="0" skipped="0" timestamp="2026-03-29T08:53:34" time="3.742">
    <testcase classname="Conversion30 test convert_workbook_save_cloud_txt__out_result_convert_workbooktxt test" name="should call PutConvertWorkbook successfully" time="3.736">
    </testcase>
  </testsuite>
  <testsuite name="Conversion30 test convert_workbook_save_cloud_tif__out_result_convert_workbooktif test" tests="1" errors="0" failures="0" skipped="0" timestamp="2026-03-29T08:53:38" time="6.119">
    <testcase classname="Conversion30 test convert_workbook_save_cloud_tif__out_result_convert_workbooktif test" name="should call PutConvertWorkbook successfully" time="6.114">
    </testcase>
  </testsuite>
  <testsuite name="Conversion30 test convert_workbook_save_cloud_xlsb__out_result_convert_workbookxlsb test" tests="1" errors="0" failures="0" skipped="0" timestamp="2026-03-29T08:53:44" time="1.94">
    <testcase classname="Conversion30 test convert_workbook_save_cloud_xlsb__out_result_convert_workbookxlsb test" name="should call PutConvertWorkbook successfully" time="1.934">
    </testcase>
  </testsuite>
  <testsuite name="Conversion30 test convert_workbook_save_cloud_xltm__out_result_convert_workbookxltm test" tests="1" errors="0" failures="0" skipped="0" timestamp="2026-03-29T08:53:46" time="2.299">
    <testcase classname="Conversion30 test convert_workbook_save_cloud_xltm__out_result_convert_workbookxltm test" name="should call PutConvertWorkbook successfully" time="2.295">
    </testcase>
  </testsuite>
  <testsuite name="Conversion30 test convert_workbook_save_cloud_xps__out_result_convert_workbookxps test" tests="1" errors="0" failures="0" skipped="0" timestamp="2026-03-29T08:53:48" time="2.029">
    <testcase classname="Conversion30 test convert_workbook_save_cloud_xps__out_result_convert_workbookxps test" name="should call PutConvertWorkbook successfully" time="2.024">
    </testcase>
  </testsuite>
  <testsuite name="Conversion30 test convert_workbook_save_cloud_png__out_result_convert_workbookpng test" tests="1" errors="0" failures="0" skipped="0" timestamp="2026-03-29T08:53:50" time="4.104">
    <testcase classname="Conversion30 test convert_workbook_save_cloud_png__out_result_convert_workbookpng test" name="should call PutConvertWorkbook successfully" time="4.098">
    </testcase>
  </testsuite>
  <testsuite name="Conversion30 test convert_workbook_save_cloud_md__out_result_convert_workbookmd test" tests="1" errors="0" failures="0" skipped="0" timestamp="2026-03-29T08:53:54" time="3.912">
    <testcase classname="Conversion30 test convert_workbook_save_cloud_md__out_result_convert_workbookmd test" name="should call PutConvertWorkbook successfully" time="3.908">
    </testcase>
  </testsuite>
  <testsuite name="Conversion30 test convert_workbook_save_cloud_svg__out_result_convert_workbooksvg test" tests="1" errors="0" failures="0" skipped="0" timestamp="2026-03-29T08:53:58" time="1.562">
    <testcase classname="Conversion30 test convert_workbook_save_cloud_svg__out_result_convert_workbooksvg test" name="should call PutConvertWorkbook successfully" time="1.555">
    </testcase>
  </testsuite>
  <testsuite name="Conversion30 test convert_workbook_save_cloud_docx__out_result_convert_workbookdocx test" tests="1" errors="0" failures="0" skipped="0" timestamp="2026-03-29T08:54:00" time="2.385">
    <testcase classname="Conversion30 test convert_workbook_save_cloud_docx__out_result_convert_workbookdocx test" name="should call PutConvertWorkbook successfully" time="2.38">
    </testcase>
  </testsuite>
  <testsuite name="Conversion30 test convert_workbook_save_cloud_pptx__out_result_convert_workbookpptx test" tests="1" errors="0" failures="0" skipped="0" timestamp="2026-03-29T08:54:02" time="2.969">
    <testcase classname="Conversion30 test convert_workbook_save_cloud_pptx__out_result_convert_workbookpptx test" name="should call PutConvertWorkbook successfully" time="2.963">
    </testcase>
  </testsuite>
  <testsuite name="Conversion30 test convert_workbook_save_cloud_json__out_result_convert_workbookjson test" tests="1" errors="0" failures="0" skipped="0" timestamp="2026-03-29T08:54:05" time="1.838">
    <testcase classname="Conversion30 test convert_workbook_save_cloud_json__out_result_convert_workbookjson test" name="should call PutConvertWorkbook successfully" time="1.833">
    </testcase>
  </testsuite>
  <testsuite name="Conversion30 test convert_workbook_save_cloud_sql__out_result_convert_workbooksql test" tests="1" errors="0" failures="0" skipped="0" timestamp="2026-03-29T08:54:07" time="1.516">
    <testcase classname="Conversion30 test convert_workbook_save_cloud_sql__out_result_convert_workbooksql test" name="should call PutConvertWorkbook successfully" time="1.51">
    </testcase>
  </testsuite>
  <testsuite name="DataProcessingController test post_workbook_data_cleansing test" tests="1" errors="0" failures="0" skipped="0" timestamp="2026-03-29T08:54:08" time="1.953">
    <testcase classname="DataProcessingController test post_workbook_data_cleansing test" name="should call PostWorkbookDataCleansing successfully" time="1.95">
    </testcase>
  </testsuite>
  <testsuite name="DataProcessingController test post_workbook_data_deduplication test" tests="1" errors="0" failures="0" skipped="0" timestamp="2026-03-29T08:54:10" time="0.928">
    <testcase classname="DataProcessingController test post_workbook_data_deduplication test" name="should call PostWorkbookDataDeduplication successfully" time="0.923">
    </testcase>
  </testsuite>
  <testsuite name="DataProcessingController test post_workbook_data_fill test" tests="1" errors="0" failures="0" skipped="0" timestamp="2026-03-29T08:54:11" time="1.544">
    <testcase classname="DataProcessingController test post_workbook_data_fill test" name="should call PostWorkbookDataFill successfully" time="1.542">
    </testcase>
  </testsuite>
  <testsuite name="DataProcessingController test post_data_transformation test" tests="1" errors="0" failures="1" skipped="0" timestamp="2026-03-29T08:54:13" time="0.483">
    <testcase classname="DataProcessingController test post_data_transformation test" name="should call PostDataTransformation successfully" time="0.478">
      <failure message="the object {
  &quot;code&quot;: 500
  &quot;message&quot;: [undefined]
} was thrown, throw an Error :)"></failure>
    </testcase>
  </testsuite>
  <testsuite name="HypelinksController test get_worksheet_hyperlinks test" tests="1" errors="0" failures="0" skipped="0" timestamp="2026-03-29T08:54:13" time="3.29">
    <testcase classname="HypelinksController test get_worksheet_hyperlinks test" name="should call GetWorksheetHyperlinks successfully" time="3.285">
    </testcase>
  </testsuite>
  <testsuite name="HypelinksController test get_worksheet_hyperlink test" tests="1" errors="0" failures="0" skipped="0" timestamp="2026-03-29T08:54:17" time="1.029">
    <testcase classname="HypelinksController test get_worksheet_hyperlink test" name="should call GetWorksheetHyperlink successfully" time="1.022">
    </testcase>
  </testsuite>
  <testsuite name="HypelinksController test delete_worksheet_hyperlink test" tests="1" errors="0" failures="0" skipped="0" timestamp="2026-03-29T08:54:18" time="1.282">
    <testcase classname="HypelinksController test delete_worksheet_hyperlink test" name="should call DeleteWorksheetHyperlink successfully" time="1.276">
    </testcase>
  </testsuite>
  <testsuite name="HypelinksController test post_worksheet_hyperlink test" tests="1" errors="0" failures="0" skipped="0" timestamp="2026-03-29T08:54:19" time="1.328">
    <testcase classname="HypelinksController test post_worksheet_hyperlink test" name="should call PostWorksheetHyperlink successfully" time="1.323">
    </testcase>
  </testsuite>
  <testsuite name="HypelinksController test put_worksheet_hyperlink test" tests="1" errors="0" failures="0" skipped="0" timestamp="2026-03-29T08:54:20" time="1.261">
    <testcase classname="HypelinksController test put_worksheet_hyperlink test" name="should call PutWorksheetHyperlink successfully" time="1.251">
    </testcase>
  </testsuite>
  <testsuite name="HypelinksController test delete_worksheet_hyperlinks test" tests="1" errors="0" failures="0" skipped="0" timestamp="2026-03-29T08:54:22" time="1.336">
    <testcase classname="HypelinksController test delete_worksheet_hyperlinks test" name="should call DeleteWorksheetHyperlinks successfully" time="1.332">
    </testcase>
  </testsuite>
  <testsuite name="LightCells test post_split_csv test" tests="1" errors="0" failures="0" skipped="0" timestamp="2026-03-29T08:54:23" time="2.828">
    <testcase classname="LightCells test post_split_csv test" name="should call PostSplit successfully" time="2.822">
    </testcase>
  </testsuite>
  <testsuite name="LightCells test post_split_html test" tests="1" errors="0" failures="0" skipped="0" timestamp="2026-03-29T08:54:26" time="18.359">
    <testcase classname="LightCells test post_split_html test" name="should call PostSplit successfully" time="18.354">
    </testcase>
  </testsuite>
  <testsuite name="LightCells test post_split_ods test" tests="1" errors="0" failures="0" skipped="0" timestamp="2026-03-29T08:54:44" time="16.591">
    <testcase classname="LightCells test post_split_ods test" name="should call PostSplit successfully" time="16.585">
    </testcase>
  </testsuite>
  <testsuite name="LightCells test post_split_pdf test" tests="1" errors="0" failures="0" skipped="0" timestamp="2026-03-29T08:55:01" time="33.265">
    <testcase classname="LightCells test post_split_pdf test" name="should call PostSplit successfully" time="33.258">
    </testcase>
  </testsuite>
  <testsuite name="LightCells test post_split_xps test" tests="1" errors="0" failures="0" skipped="0" timestamp="2026-03-29T08:55:34" time="29.414">
    <testcase classname="LightCells test post_split_xps test" name="should call PostSplit successfully" time="29.412">
    </testcase>
  </testsuite>
  <testsuite name="LightCells test post_split_md test" tests="1" errors="0" failures="0" skipped="0" timestamp="2026-03-29T08:56:03" time="9.045">
    <testcase classname="LightCells test post_split_md test" name="should call PostSplit successfully" time="9.04">
    </testcase>
  </testsuite>
  <testsuite name="LightCells test post_split_svg test" tests="1" errors="0" failures="0" skipped="0" timestamp="2026-03-29T08:56:12" time="10.849">
    <testcase classname="LightCells test post_split_svg test" name="should call PostSplit successfully" time="10.844">
    </testcase>
  </testsuite>
  <testsuite name="LightCells test post_split_docx test" tests="1" errors="0" failures="0" skipped="0" timestamp="2026-03-29T08:56:23" time="15.521">
    <testcase classname="LightCells test post_split_docx test" name="should call PostSplit successfully" time="15.52">
    </testcase>
  </testsuite>
  <testsuite name="LightCells test post_split_pptx test" tests="1" errors="0" failures="0" skipped="0" timestamp="2026-03-29T08:56:39" time="36.112">
    <testcase classname="LightCells test post_split_pptx test" name="should call PostSplit successfully" time="36.107">
    </testcase>
  </testsuite>
  <testsuite name="LightCells test post_split_json test" tests="1" errors="0" failures="0" skipped="0" timestamp="2026-03-29T08:57:15" time="4.839">
    <testcase classname="LightCells test post_split_json test" name="should call PostSplit successfully" time="4.834">
    </testcase>
  </testsuite>
  <testsuite name="LightCells test post_assemble_csv test" tests="1" errors="0" failures="0" skipped="0" timestamp="2026-03-29T08:57:20" time="2.285">
    <testcase classname="LightCells test post_assemble_csv test" name="should call PostAssemble successfully" time="2.28">
    </testcase>
  </testsuite>
  <testsuite name="LightCells test post_assemble_html test" tests="1" errors="0" failures="0" skipped="0" timestamp="2026-03-29T08:57:22" time="2.358">
    <testcase classname="LightCells test post_assemble_html test" name="should call PostAssemble successfully" time="2.357">
    </testcase>
  </testsuite>
  <testsuite name="LightCells test post_assemble_ods test" tests="1" errors="0" failures="0" skipped="0" timestamp="2026-03-29T08:57:24" time="2.121">
    <testcase classname="LightCells test post_assemble_ods test" name="should call PostAssemble successfully" time="2.116">
    </testcase>
  </testsuite>
  <testsuite name="LightCells test post_assemble_pdf test" tests="1" errors="0" failures="0" skipped="0" timestamp="2026-03-29T08:57:26" time="2.534">
    <testcase classname="LightCells test post_assemble_pdf test" name="should call PostAssemble successfully" time="2.532">
    </testcase>
  </testsuite>
  <testsuite name="LightCells test post_assemble_md test" tests="1" errors="0" failures="0" skipped="0" timestamp="2026-03-29T08:57:29" time="1.73">
    <testcase classname="LightCells test post_assemble_md test" name="should call PostAssemble successfully" time="1.729">
    </testcase>
  </testsuite>
  <testsuite name="LightCells test post_assemble_svg test" tests="1" errors="0" failures="0" skipped="0" timestamp="2026-03-29T08:57:31" time="2.794">
    <testcase classname="LightCells test post_assemble_svg test" name="should call PostAssemble successfully" time="2.793">
    </testcase>
  </testsuite>
  <testsuite name="LightCells test post_assemble_docx test" tests="1" errors="0" failures="0" skipped="0" timestamp="2026-03-29T08:57:34" time="0.971">
    <testcase classname="LightCells test post_assemble_docx test" name="should call PostAssemble successfully" time="0.97">
    </testcase>
  </testsuite>
  <testsuite name="LightCells test post_assemble_pptx test" tests="1" errors="0" failures="0" skipped="0" timestamp="2026-03-29T08:57:35" time="1.885">
    <testcase classname="LightCells test post_assemble_pptx test" name="should call PostAssemble successfully" time="1.884">
    </testcase>
  </testsuite>
  <testsuite name="LightCells test post_assemble_json test" tests="1" errors="0" failures="0" skipped="0" timestamp="2026-03-29T08:57:36" time="0.452">
    <testcase classname="LightCells test post_assemble_json test" name="should call PostAssemble successfully" time="0.451">
    </testcase>
  </testsuite>
  <testsuite name="LightCells test post_export_csv_workbook test" tests="1" errors="0" failures="0" skipped="0" timestamp="2026-03-29T08:57:37" time="2.611">
    <testcase classname="LightCells test post_export_csv_workbook test" name="should call PostExport successfully" time="2.611">
    </testcase>
  </testsuite>
  <testsuite name="LightCells test post_export_html_workbook test" tests="1" errors="0" failures="0" skipped="0" timestamp="2026-03-29T08:57:39" time="21.167">
    <testcase classname="LightCells test post_export_html_workbook test" name="should call PostExport successfully" time="21.162">
    </testcase>
  </testsuite>
  <testsuite name="LightCells test post_export_pdf_workbook test" tests="1" errors="0" failures="0" skipped="0" timestamp="2026-03-29T08:58:01" time="15.726">
    <testcase classname="LightCells test post_export_pdf_workbook test" name="should call PostExport successfully" time="15.725">
    </testcase>
  </testsuite>
  <testsuite name="LightCells test post_export_pptx_workbook test" tests="1" errors="0" failures="0" skipped="0" timestamp="2026-03-29T08:58:16" time="21.898">
    <testcase classname="LightCells test post_export_pptx_workbook test" name="should call PostExport successfully" time="21.893">
    </testcase>
  </testsuite>
  <testsuite name="LightCells test post_export_json_workbook test" tests="1" errors="0" failures="0" skipped="0" timestamp="2026-03-29T08:58:38" time="2.647">
    <testcase classname="LightCells test post_export_json_workbook test" name="should call PostExport successfully" time="2.643">
    </testcase>
  </testsuite>
  <testsuite name="LightCells test post_export_html_worksheet test" tests="1" errors="0" failures="0" skipped="0" timestamp="2026-03-29T08:58:41" time="24.595">
    <testcase classname="LightCells test post_export_html_worksheet test" name="should call PostExport successfully" time="24.589">
    </testcase>
  </testsuite>
  <testsuite name="LightCells test post_export_docx_worksheet test" tests="1" errors="0" failures="0" skipped="0" timestamp="2026-03-29T08:59:06" time="16.246">
    <testcase classname="LightCells test post_export_docx_worksheet test" name="should call PostExport successfully" time="16.239">
    </testcase>
  </testsuite>
  <testsuite name="LightCells test post_export_json_worksheet test" tests="1" errors="0" failures="0" skipped="0" timestamp="2026-03-29T08:59:22" time="3.097">
    <testcase classname="LightCells test post_export_json_worksheet test" name="should call PostExport successfully" time="3.096">
    </testcase>
  </testsuite>
  <testsuite name="LightCells test post_export_pdf_chart test" tests="1" errors="0" failures="0" skipped="0" timestamp="2026-03-29T08:59:25" time="9.055">
    <testcase classname="LightCells test post_export_pdf_chart test" name="should call PostExport successfully" time="9.049">
    </testcase>
  </testsuite>
  <testsuite name="LightCells test post_export_png_chart test" tests="1" errors="0" failures="0" skipped="0" timestamp="2026-03-29T08:59:34" time="4.381">
    <testcase classname="LightCells test post_export_png_chart test" name="should call PostExport successfully" time="4.375">
    </testcase>
  </testsuite>
  <testsuite name="LightCells test post_export_png_picture test" tests="1" errors="0" failures="0" skipped="0" timestamp="2026-03-29T08:59:38" time="7.517">
    <testcase classname="LightCells test post_export_png_picture test" name="should call PostExport successfully" time="7.506">
    </testcase>
  </testsuite>
  <testsuite name="LightCells test post_export_csv_listobject test" tests="1" errors="0" failures="0" skipped="0" timestamp="2026-03-29T08:59:46" time="2.893">
    <testcase classname="LightCells test post_export_csv_listobject test" name="should call PostExport successfully" time="2.889">
    </testcase>
  </testsuite>
  <testsuite name="LightCells test post_export_ods_listobject test" tests="1" errors="0" failures="0" skipped="0" timestamp="2026-03-29T08:59:49" time="2.665">
    <testcase classname="LightCells test post_export_ods_listobject test" name="should call PostExport successfully" time="2.663">
    </testcase>
  </testsuite>
  <testsuite name="LightCells test post_export_pdf_listobject test" tests="1" errors="0" failures="0" skipped="0" timestamp="2026-03-29T08:59:51" time="1.852">
    <testcase classname="LightCells test post_export_pdf_listobject test" name="should call PostExport successfully" time="1.851">
    </testcase>
  </testsuite>
  <testsuite name="LightCells test post_export_md_listobject test" tests="1" errors="0" failures="0" skipped="0" timestamp="2026-03-29T08:59:53" time="1.816">
    <testcase classname="LightCells test post_export_md_listobject test" name="should call PostExport successfully" time="1.81">
    </testcase>
  </testsuite>
  <testsuite name="LightCells test post_export_docx_listobject test" tests="1" errors="0" failures="0" skipped="0" timestamp="2026-03-29T08:59:55" time="2.715">
    <testcase classname="LightCells test post_export_docx_listobject test" name="should call PostExport successfully" time="2.708">
    </testcase>
  </testsuite>
  <testsuite name="LightCells test post_export_pptx_listobject test" tests="1" errors="0" failures="0" skipped="0" timestamp="2026-03-29T08:59:58" time="5.825">
    <testcase classname="LightCells test post_export_pptx_listobject test" name="should call PostExport successfully" time="5.82">
    </testcase>
  </testsuite>
  <testsuite name="LightCells test post_export_json_listobject test" tests="1" errors="0" failures="0" skipped="0" timestamp="2026-03-29T09:00:04" time="1.014">
    <testcase classname="LightCells test post_export_json_listobject test" name="should call PostExport successfully" time="1.009">
    </testcase>
  </testsuite>
  <testsuite name="LightCells test post_compress_50 test" tests="1" errors="0" failures="0" skipped="0" timestamp="2026-03-29T09:00:05" time="0.672">
    <testcase classname="LightCells test post_compress_50 test" name="should call PostCompress successfully" time="0.666">
    </testcase>
  </testsuite>
  <testsuite name="LightCells test post_compress_90 test" tests="1" errors="0" failures="0" skipped="0" timestamp="2026-03-29T09:00:05" time="1.123">
    <testcase classname="LightCells test post_compress_90 test" name="should call PostCompress successfully" time="1.116">
    </testcase>
  </testsuite>
  <testsuite name="LightCells test post_merge_html_true test" tests="1" errors="0" failures="0" skipped="0" timestamp="2026-03-29T09:00:06" time="0.745">
    <testcase classname="LightCells test post_merge_html_true test" name="should call PostMerge successfully" time="0.74">
    </testcase>
  </testsuite>
  <testsuite name="LightCells test post_merge_pdf_true test" tests="1" errors="0" failures="0" skipped="0" timestamp="2026-03-29T09:00:07" time="0.886">
    <testcase classname="LightCells test post_merge_pdf_true test" name="should call PostMerge successfully" time="0.881">
    </testcase>
  </testsuite>
  <testsuite name="LightCells test post_merge_xlsx_true test" tests="1" errors="0" failures="0" skipped="0" timestamp="2026-03-29T09:00:08" time="0.68">
    <testcase classname="LightCells test post_merge_xlsx_true test" name="should call PostMerge successfully" time="0.675">
    </testcase>
  </testsuite>
  <testsuite name="LightCells test post_merge_json_false test" tests="1" errors="0" failures="0" skipped="0" timestamp="2026-03-29T09:00:09" time="0.478">
    <testcase classname="LightCells test post_merge_json_false test" name="should call PostMerge successfully" time="0.472">
    </testcase>
  </testsuite>
  <testsuite name="LightCells test post_unlock test" tests="1" errors="0" failures="0" skipped="0" timestamp="2026-03-29T09:00:09" time="2.257">
    <testcase classname="LightCells test post_unlock test" name="should call PostUnlock successfully" time="2.254">
    </testcase>
  </testsuite>
  <testsuite name="LightCells test post_lock test" tests="1" errors="0" failures="0" skipped="0" timestamp="2026-03-29T09:00:12" time="1.42">
    <testcase classname="LightCells test post_lock test" name="should call PostLock successfully" time="1.415">
    </testcase>
  </testsuite>
  <testsuite name="LightCells test post_protect test" tests="1" errors="0" failures="0" skipped="0" timestamp="2026-03-29T09:00:13" time="1.133">
    <testcase classname="LightCells test post_protect test" name="should call PostProtect successfully" time="1.128">
    </testcase>
  </testsuite>
  <testsuite name="LightCells test post_protect__protect_workbook_request test" tests="1" errors="0" failures="0" skipped="0" timestamp="2026-03-29T09:00:14" time="0.665">
    <testcase classname="LightCells test post_protect__protect_workbook_request test" name="should call PostProtect successfully" time="0.664">
    </testcase>
  </testsuite>
  <testsuite name="LightCells test post_search test" tests="1" errors="0" failures="0" skipped="0" timestamp="2026-03-29T09:00:15" time="0.637">
    <testcase classname="LightCells test post_search test" name="should call PostSearch successfully" time="0.63">
    </testcase>
  </testsuite>
  <testsuite name="LightCells test post_replace test" tests="1" errors="0" failures="0" skipped="0" timestamp="2026-03-29T09:00:15" time="0.661">
    <testcase classname="LightCells test post_replace test" name="should call PostReplace successfully" time="0.66">
    </testcase>
  </testsuite>
  <testsuite name="LightCells test post_replace_only_sheetname test" tests="1" errors="0" failures="0" skipped="0" timestamp="2026-03-29T09:00:16" time="0.655">
    <testcase classname="LightCells test post_replace_only_sheetname test" name="should call PostReplace successfully" time="0.65">
    </testcase>
  </testsuite>
  <testsuite name="LightCells test post_watermark test" tests="1" errors="0" failures="0" skipped="0" timestamp="2026-03-29T09:00:17" time="0.933">
    <testcase classname="LightCells test post_watermark test" name="should call PostWatermark successfully" time="0.929">
    </testcase>
  </testsuite>
  <testsuite name="LightCells test post_clear_objects_chart test" tests="1" errors="0" failures="0" skipped="0" timestamp="2026-03-29T09:00:18" time="8.073">
    <testcase classname="LightCells test post_clear_objects_chart test" name="should call PostClearObjects successfully" time="8.068">
    </testcase>
  </testsuite>
  <testsuite name="LightCells test post_clear_objects_comment test" tests="1" errors="0" failures="0" skipped="0" timestamp="2026-03-29T09:00:26" time="12.7">
    <testcase classname="LightCells test post_clear_objects_comment test" name="should call PostClearObjects successfully" time="12.695">
    </testcase>
  </testsuite>
  <testsuite name="LightCells test post_clear_objects_picture test" tests="1" errors="0" failures="0" skipped="0" timestamp="2026-03-29T09:00:38" time="12.69">
    <testcase classname="LightCells test post_clear_objects_picture test" name="should call PostClearObjects successfully" time="12.684">
    </testcase>
  </testsuite>
  <testsuite name="LightCells test post_clear_objects_shape test" tests="1" errors="0" failures="0" skipped="0" timestamp="2026-03-29T09:00:51" time="2.754">
    <testcase classname="LightCells test post_clear_objects_shape test" name="should call PostClearObjects successfully" time="2.749">
    </testcase>
  </testsuite>
  <testsuite name="LightCells test post_clear_objects_listobject test" tests="1" errors="0" failures="0" skipped="0" timestamp="2026-03-29T09:00:54" time="9.378">
    <testcase classname="LightCells test post_clear_objects_listobject test" name="should call PostClearObjects successfully" time="9.377">
    </testcase>
  </testsuite>
  <testsuite name="LightCells test post_clear_objects_hyperlink test" tests="1" errors="0" failures="0" skipped="0" timestamp="2026-03-29T09:01:03" time="10.173">
    <testcase classname="LightCells test post_clear_objects_hyperlink test" name="should call PostClearObjects successfully" time="10.167">
    </testcase>
  </testsuite>
  <testsuite name="LightCells test post_clear_objects_oleobject test" tests="1" errors="0" failures="0" skipped="0" timestamp="2026-03-29T09:01:13" time="7.547">
    <testcase classname="LightCells test post_clear_objects_oleobject test" name="should call PostClearObjects successfully" time="7.542">
    </testcase>
  </testsuite>
  <testsuite name="LightCells test post_clear_objects_pivottable test" tests="1" errors="0" failures="0" skipped="0" timestamp="2026-03-29T09:01:21" time="11.902">
    <testcase classname="LightCells test post_clear_objects_pivottable test" name="should call PostClearObjects successfully" time="11.897">
    </testcase>
  </testsuite>
  <testsuite name="LightCells test post_clear_objects_validation test" tests="1" errors="0" failures="0" skipped="0" timestamp="2026-03-29T09:01:33" time="9.521">
    <testcase classname="LightCells test post_clear_objects_validation test" name="should call PostClearObjects successfully" time="9.516">
    </testcase>
  </testsuite>
  <testsuite name="LightCells test post_clear_objects__background test" tests="1" errors="0" failures="0" skipped="0" timestamp="2026-03-29T09:01:42" time="7.869">
    <testcase classname="LightCells test post_clear_objects__background test" name="should call PostClearObjects successfully" time="7.867">
    </testcase>
  </testsuite>
  <testsuite name="LightCells test post_repair_xlsx test" tests="1" errors="0" failures="0" skipped="0" timestamp="2026-03-29T09:01:50" time="13.896">
    <testcase classname="LightCells test post_repair_xlsx test" name="should call PostRepair successfully" time="13.894">
    </testcase>
  </testsuite>
  <testsuite name="LightCells test post_repair_pdf test" tests="1" errors="0" failures="1" skipped="0" timestamp="2026-03-29T09:02:04" time="0.099">
    <testcase classname="LightCells test post_repair_pdf test" name="should call PostRepair successfully" time="0.059">
      <failure message="socket hang up"></failure>
    </testcase>
  </testsuite>
  <testsuite name="LightCells test post_reverse_rows_pdf test" tests="1" errors="0" failures="0" skipped="0" timestamp="2026-03-29T09:02:04" time="12.151">
[...]
    </testcase>
  </testsuite>
  <testsuite name="Protection test protect_spreadsheet test" tests="1" errors="0" failures="0" skipped="0" timestamp="2026-03-29T09:10:19" time="1.216">
    <testcase classname="Protection test protect_spreadsheet test" name="should call ProtectSpreadsheet successfully" time="1.214">
    </testcase>
  </testsuite>
  <testsuite name="Protection test unprotect_spreadsheet test" tests="1" errors="0" failures="0" skipped="0" timestamp="2026-03-29T09:10:20" time="1.255">
    <testcase classname="Protection test unprotect_spreadsheet test" name="should call UnprotectSpreadsheet successfully" time="1.25">
    </testcase>
  </testsuite>
  <testsuite name="Splitter test split_local_file test" tests="1" errors="0" failures="0" skipped="0" timestamp="2026-03-29T09:10:22" time="11.77">
    <testcase classname="Splitter test split_local_file test" name="should call SplitSpreadsheet successfully" time="11.769">
    </testcase>
  </testsuite>
  <testsuite name="Splitter test split_local_file_to_remote_folder test" tests="1" errors="0" failures="0" skipped="0" timestamp="2026-03-29T09:10:33" time="8.177">
    <testcase classname="Splitter test split_local_file_to_remote_folder test" name="should call SplitSpreadsheet successfully" time="8.175">
    </testcase>
  </testsuite>
  <testsuite name="Splitter test split_file_in_remote test" tests="1" errors="0" failures="0" skipped="0" timestamp="2026-03-29T09:10:42" time="2.988">
    <testcase classname="Splitter test split_file_in_remote test" name="should call SplitRemoteSpreadsheet successfully" time="2.982">
    </testcase>
  </testsuite>
  <testsuite name="FileController test download_file test" tests="1" errors="0" failures="0" skipped="0" timestamp="2026-03-29T09:10:45" time="10.953">
    <testcase classname="FileController test download_file test" name="should call DownloadFile successfully" time="10.947">
    </testcase>
  </testsuite>
  <testsuite name="FileController test upload_file test" tests="1" errors="0" failures="0" skipped="0" timestamp="2026-03-29T09:10:56" time="4.527">
    <testcase classname="FileController test upload_file test" name="should call UploadFile successfully" time="4.521">
    </testcase>
  </testsuite>
  <testsuite name="FileController test copy_file test" tests="1" errors="0" failures="0" skipped="0" timestamp="2026-03-29T09:11:00" time="0.943">
    <testcase classname="FileController test copy_file test" name="should call CopyFile successfully" time="0.937">
    </testcase>
  </testsuite>
  <testsuite name="FolderController test get_files_list test" tests="1" errors="0" failures="0" skipped="0" timestamp="2026-03-29T09:11:01" time="2.385">
    <testcase classname="FolderController test get_files_list test" name="should call GetFilesList successfully" time="2.38">
    </testcase>
  </testsuite>
  <testsuite name="FolderController test create_folder test" tests="1" errors="0" failures="0" skipped="0" timestamp="2026-03-29T09:11:03" time="1.723">
    <testcase classname="FolderController test create_folder test" name="should call CreateFolder successfully" time="1.719">
    </testcase>
  </testsuite>
  <testsuite name="FolderController test copy_folder test" tests="1" errors="0" failures="0" skipped="0" timestamp="2026-03-29T09:11:05" time="3.547">
    <testcase classname="FolderController test copy_folder test" name="should call CopyFolder successfully" time="3.542">
    </testcase>
  </testsuite>
  <testsuite name="FolderController test move_folder test" tests="1" errors="0" failures="0" skipped="0" timestamp="2026-03-29T09:11:09" time="9.915">
    <testcase classname="FolderController test move_folder test" name="should call MoveFolder successfully" time="9.91">
    </testcase>
  </testsuite>
  <testsuite name="FolderController test delete_folder test" tests="1" errors="0" failures="0" skipped="0" timestamp="2026-03-29T09:11:19" time="0.76">
    <testcase classname="FolderController test delete_folder test" name="should call DeleteFolder successfully" time="0.759">
    </testcase>
  </testsuite>
  <testsuite name="StorageController test storage_exists test" tests="1" errors="0" failures="0" skipped="0" timestamp="2026-03-29T09:11:19" time="3.29">
    <testcase classname="StorageController test storage_exists test" name="should call StorageExists successfully" time="3.285">
    </testcase>
  </testsuite>
  <testsuite name="StorageController test object_exists test" tests="1" errors="0" failures="0" skipped="0" timestamp="2026-03-29T09:11:23" time="1.021">
    <testcase classname="StorageController test object_exists test" name="should call ObjectExists successfully" time="1.02">
    </testcase>
  </testsuite>
  <testsuite name="StorageController test get_disc_usage test" tests="1" errors="0" failures="0" skipped="0" timestamp="2026-03-29T09:11:24" time="4.692">
    <testcase classname="StorageController test get_disc_usage test" name="should call GetDiscUsage successfully" time="4.686">
    </testcase>
  </testsuite>
  <testsuite name="StorageController test get_file_versions test" tests="1" errors="0" failures="0" skipped="0" timestamp="2026-03-29T09:11:28" time="0.618">
    <testcase classname="StorageController test get_file_versions test" name="should call GetFileVersions successfully" time="0.617">
    </testcase>
  </testsuite>
  <testsuite name="Management test create_spreadsheet test" tests="1" errors="0" failures="0" skipped="0" timestamp="2026-03-29T09:11:29" time="0.858">
    <testcase classname="Management test create_spreadsheet test" name="should call CreateSpreadsheet successfully" time="0.853">
    </testcase>
  </testsuite>
  <testsuite name="Management test create_spreadsheet_with_template test" tests="1" errors="0" failures="0" skipped="0" timestamp="2026-03-29T09:11:30" time="12.318">
    <testcase classname="Management test create_spreadsheet_with_template test" name="should call CreateSpreadsheet successfully" time="12.313">
    </testcase>
  </testsuite>
  <testsuite name="Management test add_worksheet test" tests="1" errors="0" failures="0" skipped="0" timestamp="2026-03-29T09:11:42" time="1.072">
    <testcase classname="Management test add_worksheet test" name="should call AddWorksheetToSpreadsheet successfully" time="1.067">
    </testcase>
  </testsuite>
  <testsuite name="Management test delete_worksheet test" tests="1" errors="0" failures="0" skipped="0" timestamp="2026-03-29T09:11:43" time="1.233">
    <testcase classname="Management test delete_worksheet test" name="should call DeleteWorksheetFromSpreadsheet successfully" time="1.227">
    </testcase>
  </testsuite>
  <testsuite name="Management test rename_worksheet test" tests="1" errors="0" failures="0" skipped="0" timestamp="2026-03-29T09:11:45" time="1.476">
    <testcase classname="Management test rename_worksheet test" name="should call RenameWorksheetInSpreadsheet successfully" time="1.472">
    </testcase>
  </testsuite>
  <testsuite name="Management test move_worksheet test" tests="1" errors="0" failures="0" skipped="0" timestamp="2026-03-29T09:11:46" time="1.326">
    <testcase classname="Management test move_worksheet test" name="should call MoveWorksheetInSpreadsheet successfully" time="1.322">
    </testcase>
  </testsuite>
  <testsuite name="Management test compress_spreadsheet test" tests="1" errors="0" failures="0" skipped="0" timestamp="2026-03-29T09:11:47" time="1.318">
    <testcase classname="Management test compress_spreadsheet test" name="should call CompressSpreadsheet successfully" time="1.317">
    </testcase>
  </testsuite>
  <testsuite name="Replacer test replace_text_in_local_file test" tests="1" errors="0" failures="0" skipped="0" timestamp="2026-03-29T09:11:49" time="2.242">
    <testcase classname="Replacer test replace_text_in_local_file test" name="should call ReplaceSpreadsheetContent successfully" time="2.241">
    </testcase>
  </testsuite>
  <testsuite name="Replacer test replace_text_from_worksheet_in_local_file test" tests="1" errors="0" failures="0" skipped="0" timestamp="2026-03-29T09:11:51" time="1.085">
    <testcase classname="Replacer test replace_text_from_worksheet_in_local_file test" name="should call ReplaceSpreadsheetContent successfully" time="1.081">
    </testcase>
  </testsuite>
  <testsuite name="Replacer test replace_text_in_remote_range test" tests="1" errors="0" failures="0" skipped="0" timestamp="2026-03-29T09:11:52" time="0.886">
    <testcase classname="Replacer test replace_text_in_remote_range test" name="should call ReplaceContentInRemoteRange successfully" time="0.881">
    </testcase>
  </testsuite>
  <testsuite name="Searcher test search_text_in_local_file test" tests="1" errors="0" failures="0" skipped="0" timestamp="2026-03-29T09:11:53" time="1.109">
    <testcase classname="Searcher test search_text_in_local_file test" name="should call SearchSpreadsheetContent successfully" time="1.104">
    </testcase>
  </testsuite>
  <testsuite name="Searcher test search_text_from_worksheet_in_local_file test" tests="1" errors="0" failures="0" skipped="0" timestamp="2026-03-29T09:11:54" time="0.671">
    <testcase classname="Searcher test search_text_from_worksheet_in_local_file test" name="should call SearchSpreadsheetContent successfully" time="0.67">
    </testcase>
  </testsuite>
  <testsuite name="Searcher test search_text_in_remote_spreadsheet test" tests="1" errors="0" failures="0" skipped="0" timestamp="2026-03-29T09:11:55" time="0.681">
    <testcase classname="Searcher test search_text_in_remote_spreadsheet test" name="should call SearchContentInRemoteSpreadsheet successfully" time="0.68">
    </testcase>
  </testsuite>
  <testsuite name="Searcher test search_text_in_remote_range test" tests="1" errors="0" failures="0" skipped="0" timestamp="2026-03-29T09:11:55" time="0.419">
    <testcase classname="Searcher test search_text_in_remote_range test" name="should call SearchContentInRemoteRange successfully" time="0.415">
    </testcase>
  </testsuite>
  <testsuite name="Searcher test search_spreadsheet_broken_links test" tests="1" errors="0" failures="0" skipped="0" timestamp="2026-03-29T09:11:56" time="1.078">
    <testcase classname="Searcher test search_spreadsheet_broken_links test" name="should call SearchSpreadsheetBrokenLinks successfully" time="1.068">
    </testcase>
  </testsuite>
  <testsuite name="Searcher test search_broken_links_in_remote_spreadsheet test" tests="1" errors="0" failures="0" skipped="0" timestamp="2026-03-29T09:11:57" time="0.422">
    <testcase classname="Searcher test search_broken_links_in_remote_spreadsheet test" name="should call SearchBrokenLinksInRemoteSpreadsheet successfully" time="0.416">
    </testcase>
  </testsuite>
  <testsuite name="Searcher test search_broken_links_in_remote_worksheet test" tests="1" errors="0" failures="0" skipped="0" timestamp="2026-03-29T09:11:57" time="0.413">
    <testcase classname="Searcher test search_broken_links_in_remote_worksheet test" name="should call SearchBrokenLinksInRemoteWorksheet successfully" time="0.411">
    </testcase>
  </testsuite>
  <testsuite name="Searcher test search_broken_links_in_remote_range test" tests="1" errors="0" failures="0" skipped="0" timestamp="2026-03-29T09:11:58" time="0.372">
    <testcase classname="Searcher test search_broken_links_in_remote_range test" name="should call SearchBrokenLinksInRemoteRange successfully" time="0.368">
    </testcase>
  </testsuite>
  <testsuite name="AddText test add_text test" tests="1" errors="0" failures="0" skipped="0" timestamp="2026-03-29T09:11:58" time="1.474">
    <testcase classname="AddText test add_text test" name="should call AddText successfully" time="1.47">
    </testcase>
  </testsuite>
  <testsuite name="AddText test add_text_skip_empty_cells test" tests="1" errors="0" failures="0" skipped="0" timestamp="2026-03-29T09:12:00" time="1.154">
    <testcase classname="AddText test add_text_skip_empty_cells test" name="should call AddText successfully" time="1.152">
    </testcase>
  </testsuite>
  <testsuite name="AddText test add_text_in_range test" tests="1" errors="0" failures="0" skipped="0" timestamp="2026-03-29T09:12:01" time="1.451">
    <testcase classname="AddText test add_text_in_range test" name="should call AddText successfully" time="1.45">
    </testcase>
  </testsuite>
  <testsuite name="AddText test add_text_before_text test" tests="1" errors="0" failures="0" skipped="0" timestamp="2026-03-29T09:12:02" time="1.068">
    <testcase classname="AddText test add_text_before_text test" name="should call AddText successfully" time="1.067">
    </testcase>
  </testsuite>
  <testsuite name="ConvertText test convert_text test" tests="1" errors="0" failures="0" skipped="0" timestamp="2026-03-29T09:12:03" time="1.731">
    <testcase classname="ConvertText test convert_text test" name="should call ConvertText successfully" time="1.726">
    </testcase>
  </testsuite>
  <testsuite name="ConvertText test convert_text_with_convert_characters test" tests="1" errors="0" failures="0" skipped="0" timestamp="2026-03-29T09:12:05" time="0.858">
    <testcase classname="ConvertText test convert_text_with_convert_characters test" name="should call ConvertText successfully" time="0.854">
    </testcase>
  </testsuite>
  <testsuite name="ConvertText test convert_text_with_convert_write_space test" tests="1" errors="0" failures="0" skipped="0" timestamp="2026-03-29T09:12:06" time="0.98">
    <testcase classname="ConvertText test convert_text_with_convert_write_space test" name="should call ConvertText successfully" time="0.975">
    </testcase>
  </testsuite>
  <testsuite name="ExtractText test extract_text test" tests="1" errors="0" failures="1" skipped="0" timestamp="2026-03-29T09:12:07" time="0.721">
    <testcase classname="ExtractText test extract_text test" name="should call ExtractText successfully" time="0.716">
      <failure message="the object {
  &quot;code&quot;: 400
  &quot;message&quot;: [undefined]
} was thrown, throw an Error :)"></failure>
    </testcase>
  </testsuite>
  <testsuite name="ExtractText test extract_text_with_extract_last_character test" tests="1" errors="0" failures="1" skipped="0" timestamp="2026-03-29T09:12:08" time="0.469">
    <testcase classname="ExtractText test extract_text_with_extract_last_character test" name="should call ExtractText successfully" time="0.464">
      <failure message="the object {
  &quot;code&quot;: 400
  &quot;message&quot;: [undefined]
} was thrown, throw an Error :)"></failure>
    </testcase>
  </testsuite>
  <testsuite name="ExtractText test extract_text_with_extract_text_after test" tests="1" errors="0" failures="1" skipped="0" timestamp="2026-03-29T09:12:08" time="0.464">
    <testcase classname="ExtractText test extract_text_with_extract_text_after test" name="should call ExtractText successfully" time="0.459">
      <failure message="the object {
  &quot;code&quot;: 400
  &quot;message&quot;: [undefined]
} was thrown, throw an Error :)"></failure>
    </testcase>
  </testsuite>
  <testsuite name="RemoveCharacters test remove_characters_with_first_n_characters test" tests="1" errors="0" failures="0" skipped="0" timestamp="2026-03-29T09:12:08" time="1.82">
    <testcase classname="RemoveCharacters test remove_characters_with_first_n_characters test" name="should call RemoveCharacters successfully" time="1.815">
    </testcase>
  </testsuite>
  <testsuite name="RemoveCharacters test remove_characters_with_all_characters_before_text test" tests="1" errors="0" failures="0" skipped="0" timestamp="2026-03-29T09:12:10" time="1.223">
    <testcase classname="RemoveCharacters test remove_characters_with_all_characters_before_text test" name="should call RemoveCharacters successfully" time="1.217">
    </testcase>
  </testsuite>
  <testsuite name="RemoveCharacters test remove_characters test" tests="1" errors="0" failures="0" skipped="0" timestamp="2026-03-29T09:12:12" time="1.877">
    <testcase classname="RemoveCharacters test remove_characters test" name="should call RemoveCharacters successfully" time="1.872">
    </testcase>
  </testsuite>
  <testsuite name="SplitText test split_text test" tests="1" errors="0" failures="1" skipped="0" timestamp="2026-03-29T09:12:13" time="0.006">
    <testcase classname="SplitText test split_text test" name="should call SplitText successfully" time="0">
      <failure message="the object {
  &quot;0&quot;: &quot;R&quot;
  &quot;1&quot;: &quot;e&quot;
  &quot;2&quot;: &quot;q&quot;
  &quot;3&quot;: &quot;u&quot;
  &quot;4&quot;: &quot;i&quot;
  &quot;5&quot;: &quot;r&quot;
  &quot;6&quot;: &quot;e&quot;
  &quot;7&quot;: &quot;d&quot;
  &quot;8&quot;: &quot; &quot;
  &quot;9&quot;: &quot;p&quot;
  &quot;10&quot;: &quot;a&quot;
  &quot;11&quot;: &quot;r&quot;
  &quot;12&quot;: &quot;a&quot;
  &quot;13&quot;: &quot;m&quot;
  &quot;14&quot;: &quot;e&quot;
  &quot;15&quot;: &quot;t&quot;
  &quot;16&quot;: &quot;e&quot;
  &quot;17&quot;: &quot;r&quot;
  &quot;18&quot;: &quot; &quot;
  &quot;19&quot;: &quot;\&quot;&quot;
  &quot;20&quot;: &quot;d&quot;
  &quot;21&quot;: &quot;e&quot;
  &quot;22&quot;: &quot;l&quot;
  &quot;23&quot;: &quot;i&quot;
  &quot;24&quot;: &quot;m&quot;
  &quot;25&quot;: &quot;i&quot;
  &quot;26&quot;: &quot;t&quot;
  &quot;27&quot;: &quot;e&quot;
  &quot;28&quot;: &quot;r&quot;
  &quot;29&quot;: &quot;s&quot;
  &quot;30&quot;: &quot;\&quot;&quot;
  &quot;31&quot;: &quot; &quot;
  &quot;32&quot;: &quot;w&quot;
  &quot;33&quot;: &quot;a&quot;
  &quot;34&quot;: &quot;s&quot;
  &quot;35&quot;: &quot; &quot;
  &quot;36&quot;: &quot;n&quot;
  &quot;37&quot;: &quot;u&quot;
  &quot;38&quot;: &quot;l&quot;
  &quot;39&quot;: &quot;l&quot;
  &quot;40&quot;: &quot; &quot;
  &quot;41&quot;: &quot;o&quot;
  &quot;42&quot;: &quot;r&quot;
  &quot;43&quot;: &quot; &quot;
  &quot;44&quot;: &quot;u&quot;
  &quot;45&quot;: &quot;n&quot;
  &quot;46&quot;: &quot;d&quot;
  &quot;47&quot;: &quot;e&quot;
  &quot;48&quot;: &quot;f&quot;
  &quot;49&quot;: &quot;i&quot;
  &quot;50&quot;: &quot;n&quot;
  &quot;51&quot;: &quot;e&quot;
  &quot;52&quot;: &quot;d&quot;
  &quot;53&quot;: &quot; &quot;
  &quot;54&quot;: &quot;w&quot;
  &quot;55&quot;: &quot;h&quot;
  &quot;56&quot;: &quot;e&quot;
  &quot;57&quot;: &quot;n&quot;
  &quot;58&quot;: &quot; &quot;
  &quot;59&quot;: &quot;c&quot;
  &quot;60&quot;: &quot;a&quot;
  &quot;61&quot;: &quot;l&quot;
  &quot;62&quot;: &quot;l&quot;
  &quot;63&quot;: &quot;i&quot;
  &quot;64&quot;: &quot;n&quot;
  &quot;65&quot;: &quot;g&quot;
  &quot;66&quot;: &quot; &quot;
  &quot;67&quot;: &quot;S&quot;
  &quot;68&quot;: &quot;p&quot;
  &quot;69&quot;: &quot;l&quot;
  &quot;70&quot;: &quot;i&quot;
  &quot;71&quot;: &quot;t&quot;
  &quot;72&quot;: &quot;T&quot;
  &quot;73&quot;: &quot;e&quot;
  &quot;74&quot;: &quot;x&quot;
  &quot;75&quot;: &quot;t&quot;
  &quot;76&quot;: &quot;.&quot;
} was thrown, throw an Error :)"></failure>
    </testcase>
  </testsuite>
  <testsuite name="UpdateWordCase test update_word_case test" tests="1" errors="0" failures="0" skipped="0" timestamp="2026-03-29T09:12:13" time="2.19">
    <testcase classname="UpdateWordCase test update_word_case test" name="should call UpdateWordCase successfully" time="2.189">
    </testcase>
  </testsuite>
  <testsuite name="UpdateWordCase test update_word_case_in_range test" tests="1" errors="0" failures="0" skipped="0" timestamp="2026-03-29T09:12:16" time="1.014">
    <testcase classname="UpdateWordCase test update_word_case_in_range test" name="should call UpdateWordCase successfully" time="1.013">
    </testcase>
  </testsuite>
  <testsuite name="UpdateWordCase test update_word_case_in_spreadsheet test" tests="1" errors="0" failures="0" skipped="0" timestamp="2026-03-29T09:12:17" time="2.355">
    <testcase classname="UpdateWordCase test update_word_case_in_spreadsheet test" name="should call UpdateWordCase successfully" time="2.35">
    </testcase>
  </testsuite>
</testsuites>