<testsuites name="Mocha Tests">
  <testsuite name="Calculate test aggregate_cells_by_color test" tests="1" errors="0" failures="0" skipped="0" timestamp="2026-02-13T07:04:57" time="1.706">
    <testcase classname="Calculate test aggregate_cells_by_color test" name="should call AggregateCellsByColor successfully" time="1.705">
    </testcase>
  </testsuite>
  <testsuite name="Calculate test math_calculate test" tests="1" errors="0" failures="0" skipped="0" timestamp="2026-02-13T07:04:58" time="0.584">
    <testcase classname="Calculate test math_calculate test" name="should call MathCalculate successfully" time="0.583">
    </testcase>
  </testsuite>
  <testsuite name="AutoFilterController test get_worksheet_auto_filter test" tests="1" errors="0" failures="0" skipped="0" timestamp="2026-02-13T07:04:59" time="1.589">
    <testcase classname="AutoFilterController test get_worksheet_auto_filter test" name="should call GetWorksheetAutoFilter successfully" time="1.589">
    </testcase>
  </testsuite>
  <testsuite name="AutoFilterController test put_worksheet_date_filter test" tests="1" errors="0" failures="0" skipped="0" timestamp="2026-02-13T07:05:01" time="1.429">
    <testcase classname="AutoFilterController test put_worksheet_date_filter test" name="should call PutWorksheetDateFilter successfully" time="1.428">
    </testcase>
  </testsuite>
  <testsuite name="AutoFilterController test put_worksheet_filter test" tests="1" errors="0" failures="0" skipped="0" timestamp="2026-02-13T07:05:02" time="0.958">
    <testcase classname="AutoFilterController test put_worksheet_filter test" name="should call PutWorksheetFilter successfully" time="0.958">
    </testcase>
  </testsuite>
  <testsuite name="AutoFilterController test put_worksheet_icon_filter test" tests="1" errors="0" failures="0" skipped="0" timestamp="2026-02-13T07:05:03" time="1.082">
    <testcase classname="AutoFilterController test put_worksheet_icon_filter test" name="should call PutWorksheetIconFilter successfully" time="1.08">
    </testcase>
  </testsuite>
  <testsuite name="AutoFilterController test put_worksheet_custom_filter test" tests="1" errors="0" failures="0" skipped="0" timestamp="2026-02-13T07:05:04" time="0.761">
    <testcase classname="AutoFilterController test put_worksheet_custom_filter test" name="should call PutWorksheetCustomFilter successfully" time="0.761">
    </testcase>
  </testsuite>
  <testsuite name="AutoFilterController test put_worksheet_dynamic_filter test" tests="1" errors="0" failures="0" skipped="0" timestamp="2026-02-13T07:05:05" time="1.092">
    <testcase classname="AutoFilterController test put_worksheet_dynamic_filter test" name="should call PutWorksheetDynamicFilter successfully" time="1.092">
    </testcase>
  </testsuite>
  <testsuite name="AutoFilterController test put_worksheet_filter_top10 test" tests="1" errors="0" failures="0" skipped="0" timestamp="2026-02-13T07:05:06" time="0.838">
    <testcase classname="AutoFilterController test put_worksheet_filter_top10 test" name="should call PutWorksheetFilterTop10 successfully" time="0.832">
    </testcase>
  </testsuite>
  <testsuite name="AutoFilterController test put_worksheet_color_filter test" tests="1" errors="0" failures="0" skipped="0" timestamp="2026-02-13T07:05:07" time="0.884">
    <testcase classname="AutoFilterController test put_worksheet_color_filter test" name="should call PutWorksheetColorFilter successfully" time="0.877">
    </testcase>
  </testsuite>
  <testsuite name="AutoFilterController test post_worksheet_match_blanks test" tests="1" errors="0" failures="0" skipped="0" timestamp="2026-02-13T07:05:08" time="0.842">
    <testcase classname="AutoFilterController test post_worksheet_match_blanks test" name="should call PostWorksheetMatchBlanks successfully" time="0.836">
    </testcase>
  </testsuite>
  <testsuite name="AutoFilterController test post_worksheet_match_non_blanks test" tests="1" errors="0" failures="0" skipped="0" timestamp="2026-02-13T07:05:09" time="0.73">
    <testcase classname="AutoFilterController test post_worksheet_match_non_blanks test" name="should call PostWorksheetMatchNonBlanks successfully" time="0.728">
    </testcase>
  </testsuite>
  <testsuite name="AutoFilterController test post_worksheet_auto_filter_refresh test" tests="1" errors="0" failures="0" skipped="0" timestamp="2026-02-13T07:05:09" time="0.706">
    <testcase classname="AutoFilterController test post_worksheet_auto_filter_refresh test" name="should call PostWorksheetAutoFilterRefresh successfully" time="0.702">
    </testcase>
  </testsuite>
  <testsuite name="AutoFilterController test delete_worksheet_date_filter test" tests="1" errors="0" failures="0" skipped="0" timestamp="2026-02-13T07:05:10" time="0.706">
    <testcase classname="AutoFilterController test delete_worksheet_date_filter test" name="should call DeleteWorksheetDateFilter successfully" time="0.704">
    </testcase>
  </testsuite>
  <testsuite name="AutoFilterController test delete_worksheet_filter test" tests="1" errors="0" failures="0" skipped="0" timestamp="2026-02-13T07:05:11" time="0.86">
    <testcase classname="AutoFilterController test delete_worksheet_filter test" name="should call DeleteWorksheetFilter successfully" time="0.854">
    </testcase>
  </testsuite>
  <testsuite name="BatchController test post_batch_convert test" tests="1" errors="0" failures="0" skipped="0" timestamp="2026-02-13T07:05:12" time="2.022">
    <testcase classname="BatchController test post_batch_convert test" name="should call PostBatchConvert successfully" time="2.017">
    </testcase>
  </testsuite>
  <testsuite name="BatchController test post_batch_protect test" tests="1" errors="0" failures="0" skipped="0" timestamp="2026-02-13T07:05:14" time="1.525">
    <testcase classname="BatchController test post_batch_protect test" name="should call PostBatchProtect successfully" time="1.524">
    </testcase>
  </testsuite>
  <testsuite name="BatchController test post_batch_lock test" tests="1" errors="0" failures="0" skipped="0" timestamp="2026-02-13T07:05:15" time="1.367">
    <testcase classname="BatchController test post_batch_lock test" name="should call PostBatchLock successfully" time="1.366">
    </testcase>
  </testsuite>
  <testsuite name="BatchController test post_batch_unlock test" tests="1" errors="0" failures="0" skipped="0" timestamp="2026-02-13T07:05:16" time="1.535">
    <testcase classname="BatchController test post_batch_unlock test" name="should call PostBatchUnlock successfully" time="1.53">
    </testcase>
  </testsuite>
  <testsuite name="BatchController test post_batch_split test" tests="1" errors="0" failures="0" skipped="0" timestamp="2026-02-13T07:05:18" time="3.473">
    <testcase classname="BatchController test post_batch_split test" name="should call PostBatchSplit successfully" time="3.467">
    </testcase>
  </testsuite>
  <testsuite name="CellsController test post_clear_contents test" tests="1" errors="0" failures="0" skipped="0" timestamp="2026-02-13T07:05:21" time="1.438">
    <testcase classname="CellsController test post_clear_contents test" name="should call PostClearContents successfully" time="1.432">
    </testcase>
  </testsuite>
  <testsuite name="CellsController test post_clear_formats test" tests="1" errors="0" failures="0" skipped="0" timestamp="2026-02-13T07:05:23" time="0.724">
    <testcase classname="CellsController test post_clear_formats test" name="should call PostClearFormats successfully" time="0.723">
    </testcase>
  </testsuite>
  <testsuite name="CellsController test post_update_worksheet_range_style test" tests="1" errors="0" failures="0" skipped="0" timestamp="2026-02-13T07:05:24" time="0.939">
    <testcase classname="CellsController test post_update_worksheet_range_style test" name="should call PostUpdateWorksheetRangeStyle successfully" time="0.934">
    </testcase>
  </testsuite>
  <testsuite name="CellsController test post_worksheet_merge test" tests="1" errors="0" failures="0" skipped="0" timestamp="2026-02-13T07:05:25" time="0.844">
    <testcase classname="CellsController test post_worksheet_merge test" name="should call PostWorksheetMerge successfully" time="0.839">
    </testcase>
  </testsuite>
  <testsuite name="CellsController test post_worksheet_unmerge test" tests="1" errors="0" failures="0" skipped="0" timestamp="2026-02-13T07:05:25" time="0.936">
    <testcase classname="CellsController test post_worksheet_unmerge test" name="should call PostWorksheetUnmerge successfully" time="0.93">
    </testcase>
  </testsuite>
  <testsuite name="CellsController test get_worksheet_cells test" tests="1" errors="0" failures="0" skipped="0" timestamp="2026-02-13T07:05:26" time="0.327">
    <testcase classname="CellsController test get_worksheet_cells test" name="should call GetWorksheetCells successfully" time="0.322">
    </testcase>
  </testsuite>
  <testsuite name="CellsController test get_worksheet_cell test" tests="1" errors="0" failures="0" skipped="0" timestamp="2026-02-13T07:05:27" time="0.812">
    <testcase classname="CellsController test get_worksheet_cell test" name="should call GetWorksheetCell successfully" time="0.807">
    </testcase>
  </testsuite>
  <testsuite name="CellsController test get_worksheet_cell_style test" tests="1" errors="0" failures="0" skipped="0" timestamp="2026-02-13T07:05:28" time="0.614">
    <testcase classname="CellsController test get_worksheet_cell_style test" name="should call GetWorksheetCellStyle successfully" time="0.609">
    </testcase>
  </testsuite>
  <testsuite name="CellsController test post_worksheet_cell_set_value test" tests="1" errors="0" failures="0" skipped="0" timestamp="2026-02-13T07:05:28" time="0.742">
    <testcase classname="CellsController test post_worksheet_cell_set_value test" name="should call PostWorksheetCellSetValue successfully" time="0.74">
    </testcase>
  </testsuite>
  <testsuite name="CellsController test post_update_worksheet_cell_style test" tests="1" errors="0" failures="0" skipped="0" timestamp="2026-02-13T07:05:29" time="0.706">
    <testcase classname="CellsController test post_update_worksheet_cell_style test" name="should call PostUpdateWorksheetCellStyle successfully" time="0.705">
    </testcase>
  </testsuite>
  <testsuite name="CellsController test post_set_cell_range_value test" tests="1" errors="0" failures="0" skipped="0" timestamp="2026-02-13T07:05:30" time="0.648">
    <testcase classname="CellsController test post_set_cell_range_value test" name="should call PostSetCellRangeValue successfully" time="0.645">
    </testcase>
  </testsuite>
  <testsuite name="CellsController test post_copy_cell_into_cell test" tests="1" errors="0" failures="0" skipped="0" timestamp="2026-02-13T07:05:30" time="0.782">
    <testcase classname="CellsController test post_copy_cell_into_cell test" name="should call PostCopyCellIntoCell successfully" time="0.781">
    </testcase>
  </testsuite>
  <testsuite name="CellsController test get_cell_html_string test" tests="1" errors="0" failures="0" skipped="0" timestamp="2026-02-13T07:05:31" time="0.34">
    <testcase classname="CellsController test get_cell_html_string test" name="should call GetCellHtmlString successfully" time="0.334">
    </testcase>
  </testsuite>
  <testsuite name="CellsController test post_set_cell_html_string test" tests="1" errors="0" failures="0" skipped="0" timestamp="2026-02-13T07:05:31" time="0.829">
    <testcase classname="CellsController test post_set_cell_html_string test" name="should call PostSetCellHtmlString successfully" time="0.825">
    </testcase>
  </testsuite>
  <testsuite name="CellsController test post_cell_calculate test" tests="1" errors="0" failures="0" skipped="0" timestamp="2026-02-13T07:05:32" time="0.907">
    <testcase classname="CellsController test post_cell_calculate test" name="should call PostCellCalculate successfully" time="0.901">
    </testcase>
  </testsuite>
  <testsuite name="CellsController test post_cell_characters test" tests="1" errors="0" failures="0" skipped="0" timestamp="2026-02-13T07:05:33" time="0.816">
    <testcase classname="CellsController test post_cell_characters test" name="should call PostCellCharacters successfully" time="0.81">
    </testcase>
  </testsuite>
  <testsuite name="CellsController test get_worksheet_columns test" tests="1" errors="0" failures="0" skipped="0" timestamp="2026-02-13T07:05:34" time="0.388">
    <testcase classname="CellsController test get_worksheet_columns test" name="should call GetWorksheetColumns successfully" time="0.382">
    </testcase>
  </testsuite>
  <testsuite name="CellsController test post_set_worksheet_column_width test" tests="1" errors="0" failures="0" skipped="0" timestamp="2026-02-13T07:05:34" time="0.744">
    <testcase classname="CellsController test post_set_worksheet_column_width test" name="should call PostSetWorksheetColumnWidth successfully" time="0.743">
    </testcase>
  </testsuite>
  <testsuite name="CellsController test get_worksheet_column test" tests="1" errors="0" failures="0" skipped="0" timestamp="2026-02-13T07:05:35" time="0.314">
    <testcase classname="CellsController test get_worksheet_column test" name="should call GetWorksheetColumn successfully" time="0.308">
    </testcase>
  </testsuite>
  <testsuite name="CellsController test put_insert_worksheet_columns test" tests="1" errors="0" failures="0" skipped="0" timestamp="2026-02-13T07:05:35" time="0.673">
    <testcase classname="CellsController test put_insert_worksheet_columns test" name="should call PutInsertWorksheetColumns successfully" time="0.671">
    </testcase>
  </testsuite>
  <testsuite name="CellsController test delete_worksheet_columns test" tests="1" errors="0" failures="0" skipped="0" timestamp="2026-02-13T07:05:36" time="0.641">
    <testcase classname="CellsController test delete_worksheet_columns test" name="should call DeleteWorksheetColumns successfully" time="0.637">
    </testcase>
  </testsuite>
  <testsuite name="CellsController test post_hide_worksheet_columns test" tests="1" errors="0" failures="0" skipped="0" timestamp="2026-02-13T07:05:37" time="0.694">
    <testcase classname="CellsController test post_hide_worksheet_columns test" name="should call PostHideWorksheetColumns successfully" time="0.693">
    </testcase>
  </testsuite>
  <testsuite name="CellsController test post_unhide_worksheet_columns test" tests="1" errors="0" failures="0" skipped="0" timestamp="2026-02-13T07:05:37" time="0.67">
    <testcase classname="CellsController test post_unhide_worksheet_columns test" name="should call PostUnhideWorksheetColumns successfully" time="0.666">
    </testcase>
  </testsuite>
  <testsuite name="CellsController test post_group_worksheet_columns test" tests="1" errors="0" failures="0" skipped="0" timestamp="2026-02-13T07:05:38" time="0.681">
    <testcase classname="CellsController test post_group_worksheet_columns test" name="should call PostGroupWorksheetColumns successfully" time="0.68">
    </testcase>
  </testsuite>
  <testsuite name="CellsController test post_ungroup_worksheet_columns test" tests="1" errors="0" failures="0" skipped="0" timestamp="2026-02-13T07:05:39" time="0.956">
    <testcase classname="CellsController test post_ungroup_worksheet_columns test" name="should call PostUngroupWorksheetColumns successfully" time="0.956">
    </testcase>
  </testsuite>
  <testsuite name="CellsController test post_copy_worksheet_columns test" tests="1" errors="0" failures="0" skipped="0" timestamp="2026-02-13T07:05:40" time="0.9">
    <testcase classname="CellsController test post_copy_worksheet_columns test" name="should call PostCopyWorksheetColumns successfully" time="0.894">
    </testcase>
  </testsuite>
  <testsuite name="CellsController test post_column_style test" tests="1" errors="0" failures="0" skipped="0" timestamp="2026-02-13T07:05:41" time="0.735">
    <testcase classname="CellsController test post_column_style test" name="should call PostColumnStyle successfully" time="0.73">
    </testcase>
  </testsuite>
  <testsuite name="CellsController test get_worksheet_rows test" tests="1" errors="0" failures="0" skipped="0" timestamp="2026-02-13T07:05:41" time="0.309">
    <testcase classname="CellsController test get_worksheet_rows test" name="should call GetWorksheetRows successfully" time="0.303">
    </testcase>
  </testsuite>
  <testsuite name="CellsController test get_worksheet_row test" tests="1" errors="0" failures="0" skipped="0" timestamp="2026-02-13T07:05:42" time="0.364">
    <testcase classname="CellsController test get_worksheet_row test" name="should call GetWorksheetRow successfully" time="0.362">
    </testcase>
  </testsuite>
  <testsuite name="CellsController test delete_worksheet_row test" tests="1" errors="0" failures="0" skipped="0" timestamp="2026-02-13T07:05:42" time="0.663">
    <testcase classname="CellsController test delete_worksheet_row test" name="should call DeleteWorksheetRow successfully" time="0.657">
    </testcase>
  </testsuite>
  <testsuite name="CellsController test delete_worksheet_rows test" tests="1" errors="0" failures="0" skipped="0" timestamp="2026-02-13T07:05:43" time="0.647">
    <testcase classname="CellsController test delete_worksheet_rows test" name="should call DeleteWorksheetRows successfully" time="0.646">
    </testcase>
  </testsuite>
  <testsuite name="CellsController test put_insert_worksheet_rows test" tests="1" errors="0" failures="0" skipped="0" timestamp="2026-02-13T07:05:43" time="0.826">
    <testcase classname="CellsController test put_insert_worksheet_rows test" name="should call PutInsertWorksheetRows successfully" time="0.825">
    </testcase>
  </testsuite>
  <testsuite name="CellsController test put_insert_worksheet_row test" tests="1" errors="0" failures="0" skipped="0" timestamp="2026-02-13T07:05:44" time="0.753">
    <testcase classname="CellsController test put_insert_worksheet_row test" name="should call PutInsertWorksheetRow successfully" time="0.753">
    </testcase>
  </testsuite>
  <testsuite name="CellsController test post_update_worksheet_row test" tests="1" errors="0" failures="0" skipped="0" timestamp="2026-02-13T07:05:45" time="0.684">
    <testcase classname="CellsController test post_update_worksheet_row test" name="should call PostUpdateWorksheetRow successfully" time="0.679">
    </testcase>
  </testsuite>
  <testsuite name="CellsController test post_hide_worksheet_rows test" tests="1" errors="0" failures="0" skipped="0" timestamp="2026-02-13T07:05:46" time="0.678">
    <testcase classname="CellsController test post_hide_worksheet_rows test" name="should call PostHideWorksheetRows successfully" time="0.673">
    </testcase>
  </testsuite>
  <testsuite name="CellsController test post_unhide_worksheet_rows test" tests="1" errors="0" failures="0" skipped="0" timestamp="2026-02-13T07:05:46" time="0.699">
    <testcase classname="CellsController test post_unhide_worksheet_rows test" name="should call PostUnhideWorksheetRows successfully" time="0.693">
    </testcase>
  </testsuite>
  <testsuite name="CellsController test post_group_worksheet_rows test" tests="1" errors="0" failures="0" skipped="0" timestamp="2026-02-13T07:05:47" time="0.776">
    <testcase classname="CellsController test post_group_worksheet_rows test" name="should call PostGroupWorksheetRows successfully" time="0.77">
    </testcase>
  </testsuite>
  <testsuite name="CellsController test post_ungroup_worksheet_rows test" tests="1" errors="0" failures="0" skipped="0" timestamp="2026-02-13T07:05:48" time="0.64">
    <testcase classname="CellsController test post_ungroup_worksheet_rows test" name="should call PostUngroupWorksheetRows successfully" time="0.634">
    </testcase>
  </testsuite>
  <testsuite name="CellsController test post_copy_worksheet_rows test" tests="1" errors="0" failures="0" skipped="0" timestamp="2026-02-13T07:05:48" time="0.929">
    <testcase classname="CellsController test post_copy_worksheet_rows test" name="should call PostCopyWorksheetRows successfully" time="0.923">
    </testcase>
  </testsuite>
  <testsuite name="CellsController test post_row_style test" tests="1" errors="0" failures="0" skipped="0" timestamp="2026-02-13T07:05:49" time="0.851">
    <testcase classname="CellsController test post_row_style test" name="should call PostRowStyle successfully" time="0.845">
    </testcase>
  </testsuite>
  <testsuite name="CellsStatusController test get_cells_cloud_services_health_check test" tests="1" errors="0" failures="0" skipped="0" timestamp="2026-02-13T07:05:50" time="0.453">
    <testcase classname="CellsStatusController test get_cells_cloud_services_health_check test" name="should call GetCellsCloudServicesHealthCheck successfully" time="0.449">
    </testcase>
  </testsuite>
  <testsuite name="CellsStatusController test get_cells_cloud_service_status test" tests="1" errors="0" failures="0" skipped="0" timestamp="2026-02-13T07:05:51" time="0.358">
    <testcase classname="CellsStatusController test get_cells_cloud_service_status test" name="should call GetCellsCloudServiceStatus successfully" time="0.353">
    </testcase>
  </testsuite>
  <testsuite name="ChartAreaController test get_chart_area test" tests="1" errors="0" failures="0" skipped="0" timestamp="2026-02-13T07:05:51" time="1.312">
    <testcase classname="ChartAreaController test get_chart_area test" name="should call GetChartArea successfully" time="1.307">
    </testcase>
  </testsuite>
  <testsuite name="ChartAreaController test get_chart_area_fill_format test" tests="1" errors="0" failures="0" skipped="0" timestamp="2026-02-13T07:05:52" time="0.42">
    <testcase classname="ChartAreaController test get_chart_area_fill_format test" name="should call GetChartAreaFillFormat successfully" time="0.419">
    </testcase>
  </testsuite>
  <testsuite name="ChartAreaController test get_chart_area_border test" tests="1" errors="0" failures="0" skipped="0" timestamp="2026-02-13T07:05:53" time="0.412">
    <testcase classname="ChartAreaController test get_chart_area_border test" name="should call GetChartAreaBorder successfully" time="0.407">
    </testcase>
  </testsuite>
  <testsuite name="ChartsController test get_worksheet_charts test" tests="1" errors="0" failures="0" skipped="0" timestamp="2026-02-13T07:05:53" time="0.615">
    <testcase classname="ChartsController test get_worksheet_charts test" name="should call GetWorksheetCharts successfully" time="0.615">
    </testcase>
  </testsuite>
  <testsuite name="ChartsController test get_worksheet_chart test" tests="1" errors="0" failures="0" skipped="0" timestamp="2026-02-13T07:05:54" time="0.553">
    <testcase classname="ChartsController test get_worksheet_chart test" name="should call GetWorksheetChart successfully" time="0.552">
    </testcase>
  </testsuite>
  <testsuite name="ChartsController test put_worksheet_chart test" tests="1" errors="0" failures="0" skipped="0" timestamp="2026-02-13T07:05:54" time="0.777">
    <testcase classname="ChartsController test put_worksheet_chart test" name="should call PutWorksheetChart successfully" time="0.775">
    </testcase>
  </testsuite>
  <testsuite name="ChartsController test delete_worksheet_chart test" tests="1" errors="0" failures="0" skipped="0" timestamp="2026-02-13T07:05:55" time="0.794">
    <testcase classname="ChartsController test delete_worksheet_chart test" name="should call DeleteWorksheetChart successfully" time="0.789">
    </testcase>
  </testsuite>
  <testsuite name="ChartsController test post_worksheet_chart test" tests="1" errors="0" failures="0" skipped="0" timestamp="2026-02-13T07:05:56" time="0.777">
    <testcase classname="ChartsController test post_worksheet_chart test" name="should call PostWorksheetChart successfully" time="0.772">
    </testcase>
  </testsuite>
  <testsuite name="ChartsController test get_worksheet_chart_legend test" tests="1" errors="0" failures="0" skipped="0" timestamp="2026-02-13T07:05:57" time="0.33">
    <testcase classname="ChartsController test get_worksheet_chart_legend test" name="should call GetWorksheetChartLegend successfully" time="0.325">
    </testcase>
  </testsuite>
  <testsuite name="ChartsController test post_worksheet_chart_legend test" tests="1" errors="0" failures="0" skipped="0" timestamp="2026-02-13T07:05:57" time="0.722">
    <testcase classname="ChartsController test post_worksheet_chart_legend test" name="should call PostWorksheetChartLegend successfully" time="0.718">
    </testcase>
  </testsuite>
  <testsuite name="ChartsController test put_worksheet_chart_legend test" tests="1" errors="0" failures="0" skipped="0" timestamp="2026-02-13T07:05:58" time="0.743">
    <testcase classname="ChartsController test put_worksheet_chart_legend test" name="should call PutWorksheetChartLegend successfully" time="0.741">
    </testcase>
  </testsuite>
  <testsuite name="ChartsController test delete_worksheet_chart_legend test" tests="1" errors="0" failures="0" skipped="0" timestamp="2026-02-13T07:05:58" time="0.662">
    <testcase classname="ChartsController test delete_worksheet_chart_legend test" name="should call DeleteWorksheetChartLegend successfully" time="0.656">
    </testcase>
  </testsuite>
  <testsuite name="ChartsController test delete_worksheet_charts test" tests="1" errors="0" failures="0" skipped="0" timestamp="2026-02-13T07:05:59" time="0.631">
    <testcase classname="ChartsController test delete_worksheet_charts test" name="should call DeleteWorksheetCharts successfully" time="0.625">
    </testcase>
  </testsuite>
  <testsuite name="ChartsController test get_worksheet_chart_title test" tests="1" errors="0" failures="1" skipped="0" timestamp="2026-02-13T07:06:00" time="0.41">
    <testcase classname="ChartsController test get_worksheet_chart_title test" name="should call GetWorksheetChartTitle successfully" time="0.402">
      <failure message="the object {
  &quot;code&quot;: 400
  &quot;message&quot;: [undefined]
} was thrown, throw an Error :)"></failure>
    </testcase>
  </testsuite>
  <testsuite name="ChartsController test post_worksheet_chart_title test" tests="1" errors="0" failures="1" skipped="0" timestamp="2026-02-13T07:06:00" time="0.42">
    <testcase classname="ChartsController test post_worksheet_chart_title test" name="should call PostWorksheetChartTitle successfully" time="0.418">
      <failure message="the object {
  &quot;code&quot;: 400
  &quot;message&quot;: [undefined]
} was thrown, throw an Error :)"></failure>
    </testcase>
  </testsuite>
  <testsuite name="ChartsController test put_worksheet_chart_title test" tests="1" errors="0" failures="0" skipped="0" timestamp="2026-02-13T07:06:01" time="0.713">
    <testcase classname="ChartsController test put_worksheet_chart_title test" name="should call PutWorksheetChartTitle successfully" time="0.708">
    </testcase>
  </testsuite>
  <testsuite name="ChartsController test delete_worksheet_chart_title test" tests="1" errors="0" failures="0" skipped="0" timestamp="2026-02-13T07:06:01" time="0.665">
    <testcase classname="ChartsController test delete_worksheet_chart_title test" name="should call DeleteWorksheetChartTitle successfully" time="0.659">
    </testcase>
  </testsuite>
  <testsuite name="ConditionalFormattingsController test get_worksheet_conditional_formattings test" tests="1" errors="0" failures="0" skipped="0" timestamp="2026-02-13T07:06:02" time="0.795">
    <testcase classname="ConditionalFormattingsController test get_worksheet_conditional_formattings test" name="should call GetWorksheetConditionalFormattings successfully" time="0.789">
    </testcase>
  </testsuite>
  <testsuite name="ConditionalFormattingsController test get_worksheet_conditional_formatting test" tests="1" errors="0" failures="0" skipped="0" timestamp="2026-02-13T07:06:03" time="0.467">
    <testcase classname="ConditionalFormattingsController test get_worksheet_conditional_formatting test" name="should call GetWorksheetConditionalFormatting successfully" time="0.461">
    </testcase>
  </testsuite>
  <testsuite name="ConditionalFormattingsController test put_worksheet_conditional_formatting test" tests="1" errors="0" failures="0" skipped="0" timestamp="2026-02-13T07:06:03" time="0.789">
    <testcase classname="ConditionalFormattingsController test put_worksheet_conditional_formatting test" name="should call PutWorksheetConditionalFormatting successfully" time="0.783">
    </testcase>
  </testsuite>
  <testsuite name="ConditionalFormattingsController test put_worksheet_format_condition test" tests="1" errors="0" failures="0" skipped="0" timestamp="2026-02-13T07:06:04" time="0.799">
    <testcase classname="ConditionalFormattingsController test put_worksheet_format_condition test" name="should call PutWorksheetFormatCondition successfully" time="0.793">
    </testcase>
  </testsuite>
  <testsuite name="ConditionalFormattingsController test put_worksheet_format_condition_area test" tests="1" errors="0" failures="0" skipped="0" timestamp="2026-02-13T07:06:05" time="0.675">
    <testcase classname="ConditionalFormattingsController test put_worksheet_format_condition_area test" name="should call PutWorksheetFormatConditionArea successfully" time="0.673">
    </testcase>
  </testsuite>
  <testsuite name="ConditionalFormattingsController test put_worksheet_format_condition_condition test" tests="1" errors="0" failures="0" skipped="0" timestamp="2026-02-13T07:06:06" time="1.161">
    <testcase classname="ConditionalFormattingsController test put_worksheet_format_condition_condition test" name="should call PutWorksheetFormatConditionCondition successfully" time="1.159">
    </testcase>
  </testsuite>
  <testsuite name="ConditionalFormattingsController test delete_worksheet_conditional_formattings test" tests="1" errors="0" failures="0" skipped="0" timestamp="2026-02-13T07:06:07" time="0.728">
    <testcase classname="ConditionalFormattingsController test delete_worksheet_conditional_formattings test" name="should call DeleteWorksheetConditionalFormattings successfully" time="0.722">
    </testcase>
  </testsuite>
  <testsuite name="ConditionalFormattingsController test delete_worksheet_conditional_formatting test" tests="1" errors="0" failures="1" skipped="0" timestamp="2026-02-13T07:06:07" time="0.544">
    <testcase classname="ConditionalFormattingsController test delete_worksheet_conditional_formatting test" name="should call DeleteWorksheetConditionalFormatting successfully" time="0.539">
      <failure message="the object {
  &quot;code&quot;: 400
  &quot;message&quot;: [undefined]
} was thrown, throw an Error :)"></failure>
    </testcase>
  </testsuite>
  <testsuite name="ConditionalFormattingsController test delete_worksheet_conditional_formatting_area test" tests="1" errors="0" failures="0" skipped="0" timestamp="2026-02-13T07:06:08" time="0.741">
    <testcase classname="ConditionalFormattingsController test delete_worksheet_conditional_formatting_area test" name="should call DeleteWorksheetConditionalFormattingArea successfully" time="0.734">
    </testcase>
  </testsuite>
  <testsuite name="Conversion30 test workbook_save_as_csv__out_result_post_excel_save_ascsv test" tests="1" errors="0" failures="0" skipped="0" timestamp="2026-02-13T07:06:09" time="0.843">
    <testcase classname="Conversion30 test workbook_save_as_csv__out_result_post_excel_save_ascsv test" name="should call PostWorkbookSaveAs successfully" time="0.838">
    </testcase>
  </testsuite>
  <testsuite name="Conversion30 test workbook_save_as_html__out_result_post_excel_save_ashtml test" tests="1" errors="0" failures="0" skipped="0" timestamp="2026-02-13T07:06:10" time="0.827">
    <testcase classname="Conversion30 test workbook_save_as_html__out_result_post_excel_save_ashtml test" name="should call PostWorkbookSaveAs successfully" time="0.822">
    </testcase>
  </testsuite>
  <testsuite name="Conversion30 test workbook_save_as_mhtml__out_result_post_excel_save_asmhtml test" tests="1" errors="0" failures="0" skipped="0" timestamp="2026-02-13T07:06:10" time="1.347">
    <testcase classname="Conversion30 test workbook_save_as_mhtml__out_result_post_excel_save_asmhtml test" name="should call PostWorkbookSaveAs successfully" time="1.342">
    </testcase>
  </testsuite>
  <testsuite name="Conversion30 test workbook_save_as_ods__out_result_post_excel_save_asods test" tests="1" errors="0" failures="0" skipped="0" timestamp="2026-02-13T07:06:12" time="0.776">
    <testcase classname="Conversion30 test workbook_save_as_ods__out_result_post_excel_save_asods test" name="should call PostWorkbookSaveAs successfully" time="0.77">
    </testcase>
  </testsuite>
  <testsuite name="Conversion30 test workbook_save_as_pdf__out_result_post_excel_save_aspdf test" tests="1" errors="0" failures="0" skipped="0" timestamp="2026-02-13T07:06:13" time="1.002">
    <testcase classname="Conversion30 test workbook_save_as_pdf__out_result_post_excel_save_aspdf test" name="should call PostWorkbookSaveAs successfully" time="0.997">
    </testcase>
  </testsuite>
  <testsuite name="Conversion30 test workbook_save_as_xml__out_result_post_excel_save_asxml test" tests="1" errors="0" failures="0" skipped="0" timestamp="2026-02-13T07:06:14" time="0.795">
    <testcase classname="Conversion30 test workbook_save_as_xml__out_result_post_excel_save_asxml test" name="should call PostWorkbookSaveAs successfully" time="0.79">
    </testcase>
  </testsuite>
  <testsuite name="Conversion30 test workbook_save_as_txt__out_result_post_excel_save_astxt test" tests="1" errors="0" failures="0" skipped="0" timestamp="2026-02-13T07:06:14" time="0.641">
    <testcase classname="Conversion30 test workbook_save_as_txt__out_result_post_excel_save_astxt test" name="should call PostWorkbookSaveAs successfully" time="0.639">
    </testcase>
  </testsuite>
  <testsuite name="Conversion30 test workbook_save_as_tif__out_result_post_excel_save_astif test" tests="1" errors="0" failures="0" skipped="0" timestamp="2026-02-13T07:06:15" time="3.538">
    <testcase classname="Conversion30 test workbook_save_as_tif__out_result_post_excel_save_astif test" name="should call PostWorkbookSaveAs successfully" time="3.532">
    </testcase>
  </testsuite>
  <testsuite name="Conversion30 test workbook_save_as_xlsb__out_result_post_excel_save_asxlsb test" tests="1" errors="0" failures="0" skipped="0" timestamp="2026-02-13T07:06:19" time="1.09">
    <testcase classname="Conversion30 test workbook_save_as_xlsb__out_result_post_excel_save_asxlsb test" name="should call PostWorkbookSaveAs successfully" time="1.088">
    </testcase>
  </testsuite>
  <testsuite name="Conversion30 test workbook_save_as_xps__out_result_post_excel_save_asxps test" tests="1" errors="0" failures="0" skipped="0" timestamp="2026-02-13T07:06:20" time="1.041">
    <testcase classname="Conversion30 test workbook_save_as_xps__out_result_post_excel_save_asxps test" name="should call PostWorkbookSaveAs successfully" time="1.036">
    </testcase>
  </testsuite>
  <testsuite name="Conversion30 test workbook_save_as_png__out_result_post_excel_save_aspng test" tests="1" errors="0" failures="0" skipped="0" timestamp="2026-02-13T07:06:21" time="2.139">
    <testcase classname="Conversion30 test workbook_save_as_png__out_result_post_excel_save_aspng test" name="should call PostWorkbookSaveAs successfully" time="2.138">
    </testcase>
  </testsuite>
  <testsuite name="Conversion30 test workbook_save_as_md__out_result_post_excel_save_asmd test" tests="1" errors="0" failures="0" skipped="0" timestamp="2026-02-13T07:06:23" time="0.652">
    <testcase classname="Conversion30 test workbook_save_as_md__out_result_post_excel_save_asmd test" name="should call PostWorkbookSaveAs successfully" time="0.647">
    </testcase>
  </testsuite>
  <testsuite name="Conversion30 test workbook_save_as_svg__out_result_post_excel_save_assvg test" tests="1" errors="0" failures="0" skipped="0" timestamp="2026-02-13T07:06:23" time="0.682">
    <testcase classname="Conversion30 test workbook_save_as_svg__out_result_post_excel_save_assvg test" name="should call PostWorkbookSaveAs successfully" time="0.677">
    </testcase>
  </testsuite>
  <testsuite name="Conversion30 test workbook_save_as_docx__out_result_post_excel_save_asdocx test" tests="1" errors="0" failures="0" skipped="0" timestamp="2026-02-13T07:06:24" time="1.216">
    <testcase classname="Conversion30 test workbook_save_as_docx__out_result_post_excel_save_asdocx test" name="should call PostWorkbookSaveAs successfully" time="1.211">
    </testcase>
  </testsuite>
  <testsuite name="Conversion30 test workbook_save_as_pptx__out_result_post_excel_save_aspptx test" tests="1" errors="0" failures="0" skipped="0" timestamp="2026-02-13T07:06:25" time="1.209">
    <testcase classname="Conversion30 test workbook_save_as_pptx__out_result_post_excel_save_aspptx test" name="should call PostWorkbookSaveAs successfully" time="1.204">
    </testcase>
  </testsuite>
  <testsuite name="Conversion30 test workbook_save_as_json__out_result_post_excel_save_asjson test" tests="1" errors="0" failures="0" skipped="0" timestamp="2026-02-13T07:06:27" time="0.571">
    <testcase classname="Conversion30 test workbook_save_as_json__out_result_post_excel_save_asjson test" name="should call PostWorkbookSaveAs successfully" time="0.57">
    </testcase>
  </testsuite>
  <testsuite name="Conversion30 test workbook_save_as_sql__out_result_post_excel_save_assql test" tests="1" errors="0" failures="0" skipped="0" timestamp="2026-02-13T07:06:27" time="0.688">
    <testcase classname="Conversion30 test workbook_save_as_sql__out_result_post_excel_save_assql test" name="should call PostWorkbookSaveAs successfully" time="0.682">
    </testcase>
  </testsuite>
  <testsuite name="Conversion30 test get_workbook_format_csv test" tests="1" errors="0" failures="0" skipped="0" timestamp="2026-02-13T07:06:28" time="0.454">
    <testcase classname="Conversion30 test get_workbook_format_csv test" name="should call GetWorkbook successfully" time="0.453">
    </testcase>
  </testsuite>
  <testsuite name="Conversion30 test get_workbook_format_html test" tests="1" errors="0" failures="0" skipped="0" timestamp="2026-02-13T07:06:28" time="0.703">
    <testcase classname="Conversion30 test get_workbook_format_html test" name="should call GetWorkbook successfully" time="0.698">
    </testcase>
  </testsuite>
  <testsuite name="Conversion30 test get_workbook_format_mhtml test" tests="1" errors="0" failures="0" skipped="0" timestamp="2026-02-13T07:06:29" time="5.252">
    <testcase classname="Conversion30 test get_workbook_format_mhtml test" name="should call GetWorkbook successfully" time="5.247">
    </testcase>
  </testsuite>
  <testsuite name="Conversion30 test get_workbook_format_ods test" tests="1" errors="0" failures="0" skipped="0" timestamp="2026-02-13T07:06:34" time="1.864">
    <testcase classname="Conversion30 test get_workbook_format_ods test" name="should call GetWorkbook successfully" time="1.858">
    </testcase>
  </testsuite>
  <testsuite name="Conversion30 test get_workbook_format_pdf test" tests="1" errors="0" failures="0" skipped="0" timestamp="2026-02-13T07:06:36" time="1.954">
    <testcase classname="Conversion30 test get_workbook_format_pdf test" name="should call GetWorkbook successfully" time="1.949">
    </testcase>
  </testsuite>
  <testsuite name="Conversion30 test get_workbook_format_xml test" tests="1" errors="0" failures="0" skipped="0" timestamp="2026-02-13T07:06:38" time="0.428">
    <testcase classname="Conversion30 test get_workbook_format_xml test" name="should call GetWorkbook successfully" time="0.423">
    </testcase>
  </testsuite>
  <testsuite name="Conversion30 test get_workbook_format_txt test" tests="1" errors="0" failures="0" skipped="0" timestamp="2026-02-13T07:06:39" time="0.648">
    <testcase classname="Conversion30 test get_workbook_format_txt test" name="should call GetWorkbook successfully" time="0.642">
    </testcase>
  </testsuite>
  <testsuite name="Conversion30 test get_workbook_format_tif test" tests="1" errors="0" failures="0" skipped="0" timestamp="2026-02-13T07:06:39" time="11.653">
    <testcase classname="Conversion30 test get_workbook_format_tif test" name="should call GetWorkbook successfully" time="11.653">
    </testcase>
  </testsuite>
  <testsuite name="Conversion30 test get_workbook_format_xps test" tests="1" errors="0" failures="0" skipped="0" timestamp="2026-02-13T07:06:51" time="3.856">
    <testcase classname="Conversion30 test get_workbook_format_xps test" name="should call GetWorkbook successfully" time="3.851">
    </testcase>
  </testsuite>
  <testsuite name="Conversion30 test get_workbook_format_png test" tests="1" errors="0" failures="0" skipped="0" timestamp="2026-02-13T07:06:55" time="4.643">
    <testcase classname="Conversion30 test get_workbook_format_png test" name="should call GetWorkbook successfully" time="4.638">
    </testcase>
  </testsuite>
  <testsuite name="Conversion30 test get_workbook_format_md test" tests="1" errors="0" failures="0" skipped="0" timestamp="2026-02-13T07:06:59" time="3.64">
    <testcase classname="Conversion30 test get_workbook_format_md test" name="should call GetWorkbook successfully" time="3.636">
    </testcase>
  </testsuite>
  <testsuite name="Conversion30 test get_workbook_format_svg test" tests="1" errors="0" failures="0" skipped="0" timestamp="2026-02-13T07:07:03" time="0.415">
    <testcase classname="Conversion30 test get_workbook_format_svg test" name="should call GetWorkbook successfully" time="0.407">
    </testcase>
  </testsuite>
  <testsuite name="Conversion30 test get_workbook_format_docx test" tests="1" errors="0" failures="0" skipped="0" timestamp="2026-02-13T07:07:03" time="3.067">
    <testcase classname="Conversion30 test get_workbook_format_docx test" name="should call GetWorkbook successfully" time="3.059">
    </testcase>
  </testsuite>
  <testsuite name="Conversion30 test get_workbook_format_pptx test" tests="1" errors="0" failures="0" skipped="0" timestamp="2026-02-13T07:07:06" time="3.947">
    <testcase classname="Conversion30 test get_workbook_format_pptx test" name="should call GetWorkbook successfully" time="3.942">
    </testcase>
  </testsuite>
  <testsuite name="Conversion30 test get_workbook_format_json test" tests="1" errors="0" failures="0" skipped="0" timestamp="2026-02-13T07:07:10" time="0.43">
    <testcase classname="Conversion30 test get_workbook_format_json test" name="should call GetWorkbook successfully" time="0.425">
    </testcase>
  </testsuite>
  <testsuite name="Conversion30 test get_workbook_format_sql test" tests="1" errors="0" failures="0" skipped="0" timestamp="2026-02-13T07:07:11" time="1.367">
    <testcase classname="Conversion30 test get_workbook_format_sql test" name="should call GetWorkbook successfully" time="1.365">
    </testcase>
  </testsuite>
  <testsuite name="Conversion30 test convert_workbook_csv test" tests="1" errors="0" failures="0" skipped="0" timestamp="2026-02-13T07:07:12" time="0.452">
    <testcase classname="Conversion30 test convert_workbook_csv test" name="should call PutConvertWorkbook successfully" time="0.451">
    </testcase>
  </testsuite>
  <testsuite name="Conversion30 test convert_workbook_xls test" tests="1" errors="0" failures="0" skipped="0" timestamp="2026-02-13T07:07:13" time="2.939">
    <testcase classname="Conversion30 test convert_workbook_xls test" name="should call PutConvertWorkbook successfully" time="2.934">
    </testcase>
  </testsuite>
  <testsuite name="Conversion30 test convert_workbook_html test" tests="1" errors="0" failures="0" skipped="0" timestamp="2026-02-13T07:07:16" time="8.093">
    <testcase classname="Conversion30 test convert_workbook_html test" name="should call PutConvertWorkbook successfully" time="8.091">
    </testcase>
  </testsuite>
  <testsuite name="Conversion30 test convert_workbook_mhtml test" tests="1" errors="0" failures="0" skipped="0" timestamp="2026-02-13T07:07:24" time="5.304">
    <testcase classname="Conversion30 test convert_workbook_mhtml test" name="should call PutConvertWorkbook successfully" time="5.298">
    </testcase>
  </testsuite>
  <testsuite name="Conversion30 test convert_workbook_ods test" tests="1" errors="0" failures="0" skipped="0" timestamp="2026-02-13T07:07:29" time="4.155">
    <testcase classname="Conversion30 test convert_workbook_ods test" name="should call PutConvertWorkbook successfully" time="4.149">
    </testcase>
  </testsuite>
  <testsuite name="Conversion30 test convert_workbook_pdf test" tests="1" errors="0" failures="0" skipped="0" timestamp="2026-02-13T07:07:33" time="3.747">
    <testcase classname="Conversion30 test convert_workbook_pdf test" name="should call PutConvertWorkbook successfully" time="3.742">
    </testcase>
  </testsuite>
  <testsuite name="Conversion30 test convert_workbook_xml test" tests="1" errors="0" failures="0" skipped="0" timestamp="2026-02-13T07:07:37" time="2.564">
    <testcase classname="Conversion30 test convert_workbook_xml test" name="should call PutConvertWorkbook successfully" time="2.558">
    </testcase>
  </testsuite>
  <testsuite name="Conversion30 test convert_workbook_txt test" tests="1" errors="0" failures="0" skipped="0" timestamp="2026-02-13T07:07:39" time="2.138">
    <testcase classname="Conversion30 test convert_workbook_txt test" name="should call PutConvertWorkbook successfully" time="2.131">
    </testcase>
  </testsuite>
  <testsuite name="Conversion30 test convert_workbook_tif test" tests="1" errors="0" failures="0" skipped="0" timestamp="2026-02-13T07:07:42" time="9.535">
    <testcase classname="Conversion30 test convert_workbook_tif test" name="should call PutConvertWorkbook successfully" time="9.529">
    </testcase>
  </testsuite>
  <testsuite name="Conversion30 test convert_workbook_xlsb test" tests="1" errors="0" failures="0" skipped="0" timestamp="2026-02-13T07:07:51" time="3.014">
    <testcase classname="Conversion30 test convert_workbook_xlsb test" name="should call PutConvertWorkbook successfully" time="3.008">
    </testcase>
  </testsuite>
  <testsuite name="Conversion30 test convert_workbook_xps test" tests="1" errors="0" failures="0" skipped="0" timestamp="2026-02-13T07:07:54" time="4.395">
    <testcase classname="Conversion30 test convert_workbook_xps test" name="should call PutConvertWorkbook successfully" time="4.39">
    </testcase>
  </testsuite>
  <testsuite name="Conversion30 test convert_workbook_png test" tests="1" errors="0" failures="0" skipped="0" timestamp="2026-02-13T07:07:59" time="5.083">
    <testcase classname="Conversion30 test convert_workbook_png test" name="should call PutConvertWorkbook successfully" time="5.076">
    </testcase>
  </testsuite>
  <testsuite name="Conversion30 test convert_workbook_md test" tests="1" errors="0" failures="0" skipped="0" timestamp="2026-02-13T07:08:04" time="2.533">
    <testcase classname="Conversion30 test convert_workbook_md test" name="should call PutConvertWorkbook successfully" time="2.531">
    </testcase>
  </testsuite>
  <testsuite name="Conversion30 test convert_workbook_svg test" tests="1" errors="0" failures="0" skipped="0" timestamp="2026-02-13T07:08:06" time="0.787">
    <testcase classname="Conversion30 test convert_workbook_svg test" name="should call PutConvertWorkbook successfully" time="0.782">
    </testcase>
  </testsuite>
  <testsuite name="Conversion30 test convert_workbook_docx test" tests="1" errors="0" failures="0" skipped="0" timestamp="2026-02-13T07:08:07" time="3.087">
    <testcase classname="Conversion30 test convert_workbook_docx test" name="should call PutConvertWorkbook successfully" time="3.086">
    </testcase>
  </testsuite>
  <testsuite name="Conversion30 test convert_workbook_pptx test" tests="1" errors="0" failures="0" skipped="0" timestamp="2026-02-13T07:08:10" time="7.175">
    <testcase classname="Conversion30 test convert_workbook_pptx test" name="should call PutConvertWorkbook successfully" time="7.173">
    </testcase>
  </testsuite>
  <testsuite name="Conversion30 test convert_workbook_json test" tests="1" errors="0" failures="0" skipped="0" timestamp="2026-02-13T07:08:17" time="0.981">
    <testcase classname="Conversion30 test convert_workbook_json test" name="should call PutConvertWorkbook successfully" time="0.976">
    </testcase>
  </testsuite>
  <testsuite name="Conversion30 test convert_workbook_sql test" tests="1" errors="0" failures="0" skipped="0" timestamp="2026-02-13T07:08:18" time="2.515">
    <testcase classname="Conversion30 test convert_workbook_sql test" name="should call PutConvertWorkbook successfully" time="2.51">
    </testcase>
  </testsuite>
  <testsuite name="Conversion30 test convert_workbook_save_cloud_csv__out_result_convert_workbookcsv test" tests="1" errors="0" failures="0" skipped="0" timestamp="2026-02-13T07:08:21" time="1.006">
    <testcase classname="Conversion30 test convert_workbook_save_cloud_csv__out_result_convert_workbookcsv test" name="should call PutConvertWorkbook successfully" time="1.004">
    </testcase>
  </testsuite>
  <testsuite name="Conversion30 test convert_workbook_save_cloud_xls__out_result_convert_workbookxls test" tests="1" errors="0" failures="0" skipped="0" timestamp="2026-02-13T07:08:22" time="1.397">
    <testcase classname="Conversion30 test convert_workbook_save_cloud_xls__out_result_convert_workbookxls test" name="should call PutConvertWorkbook successfully" time="1.395">
    </testcase>
  </testsuite>
  <testsuite name="Conversion30 test convert_workbook_save_cloud_html__out_result_convert_workbookhtml test" tests="1" errors="0" failures="0" skipped="0" timestamp="2026-02-13T07:08:23" time="1.667">
    <testcase classname="Conversion30 test convert_workbook_save_cloud_html__out_result_convert_workbookhtml test" name="should call PutConvertWorkbook successfully" time="1.662">
    </testcase>
  </testsuite>
  <testsuite name="Conversion30 test convert_workbook_save_cloud_mhtml__out_result_convert_workbookmhtml test" tests="1" errors="0" failures="0" skipped="0" timestamp="2026-02-13T07:08:25" time="1.639">
    <testcase classname="Conversion30 test convert_workbook_save_cloud_mhtml__out_result_convert_workbookmhtml test" name="should call PutConvertWorkbook successfully" time="1.634">
    </testcase>
  </testsuite>
  <testsuite name="Conversion30 test convert_workbook_save_cloud_ods__out_result_convert_workbookods test" tests="1" errors="0" failures="0" skipped="0" timestamp="2026-02-13T07:08:26" time="0.994">
    <testcase classname="Conversion30 test convert_workbook_save_cloud_ods__out_result_convert_workbookods test" name="should call PutConvertWorkbook successfully" time="0.989">
    </testcase>
  </testsuite>
  <testsuite name="Conversion30 test convert_workbook_save_cloud_pdf__out_result_convert_workbookpdf test" tests="1" errors="0" failures="0" skipped="0" timestamp="2026-02-13T07:08:27" time="1.087">
    <testcase classname="Conversion30 test convert_workbook_save_cloud_pdf__out_result_convert_workbookpdf test" name="should call PutConvertWorkbook successfully" time="1.086">
    </testcase>
  </testsuite>
  <testsuite name="Conversion30 test convert_workbook_save_cloud_xml__out_result_convert_workbookxml test" tests="1" errors="0" failures="0" skipped="0" timestamp="2026-02-13T07:08:29" time="0.929">
    <testcase classname="Conversion30 test convert_workbook_save_cloud_xml__out_result_convert_workbookxml test" name="should call PutConvertWorkbook successfully" time="0.923">
    </testcase>
  </testsuite>
  <testsuite name="Conversion30 test convert_workbook_save_cloud_txt__out_result_convert_workbooktxt test" tests="1" errors="0" failures="0" skipped="0" timestamp="2026-02-13T07:08:29" time="1.064">
    <testcase classname="Conversion30 test convert_workbook_save_cloud_txt__out_result_convert_workbooktxt test" name="should call PutConvertWorkbook successfully" time="1.058">
    </testcase>
  </testsuite>
  <testsuite name="Conversion30 test convert_workbook_save_cloud_tif__out_result_convert_workbooktif test" tests="1" errors="0" failures="0" skipped="0" timestamp="2026-02-13T07:08:31" time="2.215">
    <testcase classname="Conversion30 test convert_workbook_save_cloud_tif__out_result_convert_workbooktif test" name="should call PutConvertWorkbook successfully" time="2.21">
    </testcase>
  </testsuite>
  <testsuite name="Conversion30 test convert_workbook_save_cloud_xlsb__out_result_convert_workbookxlsb test" tests="1" errors="0" failures="0" skipped="0" timestamp="2026-02-13T07:08:33" time="1.246">
    <testcase classname="Conversion30 test convert_workbook_save_cloud_xlsb__out_result_convert_workbookxlsb test" name="should call PutConvertWorkbook successfully" time="1.24">
    </testcase>
  </testsuite>
  <testsuite name="Conversion30 test convert_workbook_save_cloud_xltm__out_result_convert_workbookxltm test" tests="1" errors="0" failures="0" skipped="0" timestamp="2026-02-13T07:08:34" time="1.135">
    <testcase classname="Conversion30 test convert_workbook_save_cloud_xltm__out_result_convert_workbookxltm test" name="should call PutConvertWorkbook successfully" time="1.13">
    </testcase>
  </testsuite>
  <testsuite name="Conversion30 test convert_workbook_save_cloud_xps__out_result_convert_workbookxps test" tests="1" errors="0" failures="0" skipped="0" timestamp="2026-02-13T07:08:35" time="1.124">
    <testcase classname="Conversion30 test convert_workbook_save_cloud_xps__out_result_convert_workbookxps test" name="should call PutConvertWorkbook successfully" time="1.122">
    </testcase>
  </testsuite>
  <testsuite name="Conversion30 test convert_workbook_save_cloud_png__out_result_convert_workbookpng test" tests="1" errors="0" failures="0" skipped="0" timestamp="2026-02-13T07:08:36" time="1.561">
    <testcase classname="Conversion30 test convert_workbook_save_cloud_png__out_result_convert_workbookpng test" name="should call PutConvertWorkbook successfully" time="1.555">
    </testcase>
  </testsuite>
  <testsuite name="Conversion30 test convert_workbook_save_cloud_md__out_result_convert_workbookmd test" tests="1" errors="0" failures="0" skipped="0" timestamp="2026-02-13T07:08:38" time="1.825">
    <testcase classname="Conversion30 test convert_workbook_save_cloud_md__out_result_convert_workbookmd test" name="should call PutConvertWorkbook successfully" time="1.82">
    </testcase>
  </testsuite>
  <testsuite name="Conversion30 test convert_workbook_save_cloud_svg__out_result_convert_workbooksvg test" tests="1" errors="0" failures="0" skipped="0" timestamp="2026-02-13T07:08:40" time="1.126">
    <testcase classname="Conversion30 test convert_workbook_save_cloud_svg__out_result_convert_workbooksvg test" name="should call PutConvertWorkbook successfully" time="1.121">
    </testcase>
  </testsuite>
  <testsuite name="Conversion30 test convert_workbook_save_cloud_docx__out_result_convert_workbookdocx test" tests="1" errors="0" failures="0" skipped="0" timestamp="2026-02-13T07:08:41" time="1.545">
    <testcase classname="Conversion30 test convert_workbook_save_cloud_docx__out_result_convert_workbookdocx test" name="should call PutConvertWorkbook successfully" time="1.54">
    </testcase>
  </testsuite>
  <testsuite name="Conversion30 test convert_workbook_save_cloud_pptx__out_result_convert_workbookpptx test" tests="1" errors="0" failures="0" skipped="0" timestamp="2026-02-13T07:08:42" time="9.491">
    <testcase classname="Conversion30 test convert_workbook_save_cloud_pptx__out_result_convert_workbookpptx test" name="should call PutConvertWorkbook successfully" time="9.485">
    </testcase>
  </testsuite>
  <testsuite name="Conversion30 test convert_workbook_save_cloud_json__out_result_convert_workbookjson test" tests="1" errors="0" failures="0" skipped="0" timestamp="2026-02-13T07:08:52" time="7.966">
    <testcase classname="Conversion30 test convert_workbook_save_cloud_json__out_result_convert_workbookjson test" name="should call PutConvertWorkbook successfully" time="7.961">
    </testcase>
  </testsuite>
  <testsuite name="Conversion30 test convert_workbook_save_cloud_sql__out_result_convert_workbooksql test" tests="1" errors="0" failures="0" skipped="0" timestamp="2026-02-13T07:09:00" time="3.524">
    <testcase classname="Conversion30 test convert_workbook_save_cloud_sql__out_result_convert_workbooksql test" name="should call PutConvertWorkbook successfully" time="3.519">
    </testcase>
  </testsuite>
  <testsuite name="DataProcessingController test post_workbook_data_cleansing test" tests="1" errors="0" failures="0" skipped="0" timestamp="2026-02-13T07:09:03" time="2.139">
    <testcase classname="DataProcessingController test post_workbook_data_cleansing test" name="should call PostWorkbookDataCleansing successfully" time="2.138">
    </testcase>
  </testsuite>
  <testsuite name="DataProcessingController test post_workbook_data_deduplication test" tests="1" errors="0" failures="0" skipped="0" timestamp="2026-02-13T07:09:05" time="0.648">
    <testcase classname="DataProcessingController test post_workbook_data_deduplication test" name="should call PostWorkbookDataDeduplication successfully" time="0.642">
    </testcase>
  </testsuite>
  <testsuite name="DataProcessingController test post_workbook_data_fill test" tests="1" errors="0" failures="0" skipped="0" timestamp="2026-02-13T07:09:06" time="0.648">
    <testcase classname="DataProcessingController test post_workbook_data_fill test" name="should call PostWorkbookDataFill successfully" time="0.643">
    </testcase>
  </testsuite>
  <testsuite name="DataProcessingController test post_data_transformation test" tests="1" errors="0" failures="1" skipped="0" timestamp="2026-02-13T07:09:07" time="0.523">
    <testcase classname="DataProcessingController test post_data_transformation test" name="should call PostDataTransformation successfully" time="0.518">
      <failure message="the object {
  &quot;code&quot;: 500
  &quot;message&quot;: [undefined]
} was thrown, throw an Error :)"></failure>
    </testcase>
  </testsuite>
  <testsuite name="HypelinksController test get_worksheet_hyperlinks test" tests="1" errors="0" failures="0" skipped="0" timestamp="2026-02-13T07:09:07" time="1.356">
    <testcase classname="HypelinksController test get_worksheet_hyperlinks test" name="should call GetWorksheetHyperlinks successfully" time="1.355">
    </testcase>
  </testsuite>
  <testsuite name="HypelinksController test get_worksheet_hyperlink test" tests="1" errors="0" failures="0" skipped="0" timestamp="2026-02-13T07:09:09" time="0.719">
    <testcase classname="HypelinksController test get_worksheet_hyperlink test" name="should call GetWorksheetHyperlink successfully" time="0.712">
    </testcase>
  </testsuite>
  <testsuite name="HypelinksController test delete_worksheet_hyperlink test" tests="1" errors="0" failures="0" skipped="0" timestamp="2026-02-13T07:09:09" time="0.89">
    <testcase classname="HypelinksController test delete_worksheet_hyperlink test" name="should call DeleteWorksheetHyperlink successfully" time="0.884">
    </testcase>
  </testsuite>
  <testsuite name="HypelinksController test post_worksheet_hyperlink test" tests="1" errors="0" failures="0" skipped="0" timestamp="2026-02-13T07:09:10" time="1.187">
    <testcase classname="HypelinksController test post_worksheet_hyperlink test" name="should call PostWorksheetHyperlink successfully" time="1.181">
    </testcase>
  </testsuite>
  <testsuite name="HypelinksController test put_worksheet_hyperlink test" tests="1" errors="0" failures="0" skipped="0" timestamp="2026-02-13T07:09:11" time="1.081">
    <testcase classname="HypelinksController test put_worksheet_hyperlink test" name="should call PutWorksheetHyperlink successfully" time="1.076">
    </testcase>
  </testsuite>
  <testsuite name="HypelinksController test delete_worksheet_hyperlinks test" tests="1" errors="0" failures="0" skipped="0" timestamp="2026-02-13T07:09:13" time="0.902">
    <testcase classname="HypelinksController test delete_worksheet_hyperlinks test" name="should call DeleteWorksheetHyperlinks successfully" time="0.897">
    </testcase>
  </testsuite>
  <testsuite name="LightCells test post_split_csv test" tests="1" errors="0" failures="0" skipped="0" timestamp="2026-02-13T07:09:13" time="2.207">
    <testcase classname="LightCells test post_split_csv test" name="should call PostSplit successfully" time="2.201">
    </testcase>
  </testsuite>
  <testsuite name="LightCells test post_split_html test" tests="1" errors="0" failures="0" skipped="0" timestamp="2026-02-13T07:09:16" time="15.621">
    <testcase classname="LightCells test post_split_html test" name="should call PostSplit successfully" time="15.616">
    </testcase>
  </testsuite>
  <testsuite name="LightCells test post_split_ods test" tests="1" errors="0" failures="0" skipped="0" timestamp="2026-02-13T07:09:31" time="3.928">
    <testcase classname="LightCells test post_split_ods test" name="should call PostSplit successfully" time="3.922">
    </testcase>
  </testsuite>
  <testsuite name="LightCells test post_split_pdf test" tests="1" errors="0" failures="0" skipped="0" timestamp="2026-02-13T07:09:35" time="8.716">
    <testcase classname="LightCells test post_split_pdf test" name="should call PostSplit successfully" time="8.71">
    </testcase>
  </testsuite>
  <testsuite name="LightCells test post_split_xps test" tests="1" errors="0" failures="0" skipped="0" timestamp="2026-02-13T07:09:44" time="11.839">
    <testcase classname="LightCells test post_split_xps test" name="should call PostSplit successfully" time="11.838">
    </testcase>
  </testsuite>
  <testsuite name="LightCells test post_split_md test" tests="1" errors="0" failures="0" skipped="0" timestamp="2026-02-13T07:09:56" time="3.848">
    <testcase classname="LightCells test post_split_md test" name="should call PostSplit successfully" time="3.842">
    </testcase>
  </testsuite>
  <testsuite name="LightCells test post_split_svg test" tests="1" errors="0" failures="0" skipped="0" timestamp="2026-02-13T07:10:00" time="8.506">
    <testcase classname="LightCells test post_split_svg test" name="should call PostSplit successfully" time="8.502">
    </testcase>
  </testsuite>
  <testsuite name="LightCells test post_split_docx test" tests="1" errors="0" failures="0" skipped="0" timestamp="2026-02-13T07:10:08" time="6.451">
    <testcase classname="LightCells test post_split_docx test" name="should call PostSplit successfully" time="6.449">
    </testcase>
  </testsuite>
  <testsuite name="LightCells test post_split_pptx test" tests="1" errors="0" failures="0" skipped="0" timestamp="2026-02-13T07:10:15" time="8.886">
    <testcase classname="LightCells test post_split_pptx test" name="should call PostSplit successfully" time="8.881">
    </testcase>
  </testsuite>
  <testsuite name="LightCells test post_split_json test" tests="1" errors="0" failures="0" skipped="0" timestamp="2026-02-13T07:10:23" time="1.749">
    <testcase classname="LightCells test post_split_json test" name="should call PostSplit successfully" time="1.745">
    </testcase>
  </testsuite>
  <testsuite name="LightCells test post_assemble_csv test" tests="1" errors="0" failures="0" skipped="0" timestamp="2026-02-13T07:10:25" time="0.533">
    <testcase classname="LightCells test post_assemble_csv test" name="should call PostAssemble successfully" time="0.532">
    </testcase>
  </testsuite>
  <testsuite name="LightCells test post_assemble_html test" tests="1" errors="0" failures="0" skipped="0" timestamp="2026-02-13T07:10:26" time="0.568">
    <testcase classname="LightCells test post_assemble_html test" name="should call PostAssemble successfully" time="0.563">
    </testcase>
  </testsuite>
  <testsuite name="LightCells test post_assemble_ods test" tests="1" errors="0" failures="0" skipped="0" timestamp="2026-02-13T07:10:26" time="0.483">
    <testcase classname="LightCells test post_assemble_ods test" name="should call PostAssemble successfully" time="0.478">
    </testcase>
  </testsuite>
  <testsuite name="LightCells test post_assemble_pdf test" tests="1" errors="0" failures="0" skipped="0" timestamp="2026-02-13T07:10:27" time="0.632">
    <testcase classname="LightCells test post_assemble_pdf test" name="should call PostAssemble successfully" time="0.632">
    </testcase>
  </testsuite>
  <testsuite name="LightCells test post_assemble_md test" tests="1" errors="0" failures="0" skipped="0" timestamp="2026-02-13T07:10:27" time="0.387">
    <testcase classname="LightCells test post_assemble_md test" name="should call PostAssemble successfully" time="0.381">
    </testcase>
  </testsuite>
  <testsuite name="LightCells test post_assemble_svg test" tests="1" errors="0" failures="0" skipped="0" timestamp="2026-02-13T07:10:28" time="0.543">
    <testcase classname="LightCells test post_assemble_svg test" name="should call PostAssemble successfully" time="0.542">
    </testcase>
  </testsuite>
  <testsuite name="LightCells test post_assemble_docx test" tests="1" errors="0" failures="0" skipped="0" timestamp="2026-02-13T07:10:28" time="0.758">
    <testcase classname="LightCells test post_assemble_docx test" name="should call PostAssemble successfully" time="0.753">
    </testcase>
  </testsuite>
  <testsuite name="LightCells test post_assemble_pptx test" tests="1" errors="0" failures="0" skipped="0" timestamp="2026-02-13T07:10:29" time="1.088">
    <testcase classname="LightCells test post_assemble_pptx test" name="should call PostAssemble successfully" time="1.083">
    </testcase>
  </testsuite>
  <testsuite name="LightCells test post_assemble_json test" tests="1" errors="0" failures="0" skipped="0" timestamp="2026-02-13T07:10:30" time="0.532">
    <testcase classname="LightCells test post_assemble_json test" name="should call PostAssemble successfully" time="0.526">
    </testcase>
  </testsuite>
  <testsuite name="LightCells test post_export_csv_workbook test" tests="1" errors="0" failures="0" skipped="0" timestamp="2026-02-13T07:10:31" time="0.886">
    <testcase classname="LightCells test post_export_csv_workbook test" name="should call PostExport successfully" time="0.88">
    </testcase>
  </testsuite>
  <testsuite name="LightCells test post_export_html_workbook test" tests="1" errors="0" failures="0" skipped="0" timestamp="2026-02-13T07:10:32" time="5.59">
    <testcase classname="LightCells test post_export_html_workbook test" name="should call PostExport successfully" time="5.585">
    </testcase>
  </testsuite>
  <testsuite name="LightCells test post_export_pdf_workbook test" tests="1" errors="0" failures="0" skipped="0" timestamp="2026-02-13T07:10:37" time="2.793">
    <testcase classname="LightCells test post_export_pdf_workbook test" name="should call PostExport successfully" time="2.787">
    </testcase>
  </testsuite>
  <testsuite name="LightCells test post_export_pptx_workbook test" tests="1" errors="0" failures="0" skipped="0" timestamp="2026-02-13T07:10:40" time="4.668">
    <testcase classname="LightCells test post_export_pptx_workbook test" name="should call PostExport successfully" time="4.663">
    </testcase>
  </testsuite>
  <testsuite name="LightCells test post_export_json_workbook test" tests="1" errors="0" failures="0" skipped="0" timestamp="2026-02-13T07:10:45" time="1.811">
    <testcase classname="LightCells test post_export_json_workbook test" name="should call PostExport successfully" time="1.811">
    </testcase>
  </testsuite>
  <testsuite name="LightCells test post_export_html_worksheet test" tests="1" errors="0" failures="0" skipped="0" timestamp="2026-02-13T07:10:47" time="6.748">
    <testcase classname="LightCells test post_export_html_worksheet test" name="should call PostExport successfully" time="6.743">
    </testcase>
  </testsuite>
  <testsuite name="LightCells test post_export_docx_worksheet test" tests="1" errors="0" failures="0" skipped="0" timestamp="2026-02-13T07:10:53" time="4.342">
    <testcase classname="LightCells test post_export_docx_worksheet test" name="should call PostExport successfully" time="4.341">
    </testcase>
  </testsuite>
  <testsuite name="LightCells test post_export_json_worksheet test" tests="1" errors="0" failures="0" skipped="0" timestamp="2026-02-13T07:10:58" time="1.301">
    <testcase classname="LightCells test post_export_json_worksheet test" name="should call PostExport successfully" time="1.299">
    </testcase>
  </testsuite>
  <testsuite name="LightCells test post_export_pdf_chart test" tests="1" errors="0" failures="0" skipped="0" timestamp="2026-02-13T07:10:59" time="3.711">
    <testcase classname="LightCells test post_export_pdf_chart test" name="should call PostExport successfully" time="3.705">
    </testcase>
  </testsuite>
  <testsuite name="LightCells test post_export_png_chart test" tests="1" errors="0" failures="0" skipped="0" timestamp="2026-02-13T07:11:03" time="2.963">
    <testcase classname="LightCells test post_export_png_chart test" name="should call PostExport successfully" time="2.958">
    </testcase>
  </testsuite>
  <testsuite name="LightCells test post_export_png_picture test" tests="1" errors="0" failures="0" skipped="0" timestamp="2026-02-13T07:11:06" time="1.963">
    <testcase classname="LightCells test post_export_png_picture test" name="should call PostExport successfully" time="1.961">
    </testcase>
  </testsuite>
  <testsuite name="LightCells test post_export_csv_listobject test" tests="1" errors="0" failures="0" skipped="0" timestamp="2026-02-13T07:11:08" time="3.656">
    <testcase classname="LightCells test post_export_csv_listobject test" name="should call PostExport successfully" time="3.651">
    </testcase>
  </testsuite>
  <testsuite name="LightCells test post_export_ods_listobject test" tests="1" errors="0" failures="0" skipped="0" timestamp="2026-02-13T07:11:11" time="6.886">
    <testcase classname="LightCells test post_export_ods_listobject test" name="should call PostExport successfully" time="6.881">
    </testcase>
  </testsuite>
  <testsuite name="LightCells test post_export_pdf_listobject test" tests="1" errors="0" failures="0" skipped="0" timestamp="2026-02-13T07:11:18" time="1.77">
    <testcase classname="LightCells test post_export_pdf_listobject test" name="should call PostExport successfully" time="1.764">
    </testcase>
  </testsuite>
  <testsuite name="LightCells test post_export_md_listobject test" tests="1" errors="0" failures="0" skipped="0" timestamp="2026-02-13T07:11:20" time="0.629">
    <testcase classname="LightCells test post_export_md_listobject test" name="should call PostExport successfully" time="0.623">
    </testcase>
  </testsuite>
  <testsuite name="LightCells test post_export_docx_listobject test" tests="1" errors="0" failures="0" skipped="0" timestamp="2026-02-13T07:11:21" time="1.513">
    <testcase classname="LightCells test post_export_docx_listobject test" name="should call PostExport successfully" time="1.509">
    </testcase>
  </testsuite>
  <testsuite name="LightCells test post_export_pptx_listobject test" tests="1" errors="0" failures="0" skipped="0" timestamp="2026-02-13T07:11:22" time="1.984">
    <testcase classname="LightCells test post_export_pptx_listobject test" name="should call PostExport successfully" time="1.979">
    </testcase>
  </testsuite>
  <testsuite name="LightCells test post_export_json_listobject test" tests="1" errors="0" failures="0" skipped="0" timestamp="2026-02-13T07:11:24" time="1.452">
    <testcase classname="LightCells test post_export_json_listobject test" name="should call PostExport successfully" time="1.447">
    </testcase>
  </testsuite>
  <testsuite name="LightCells test post_compress_50 test" tests="1" errors="0" failures="0" skipped="0" timestamp="2026-02-13T07:11:25" time="1.294">
    <testcase classname="LightCells test post_compress_50 test" name="should call PostCompress successfully" time="1.289">
    </testcase>
  </testsuite>
  <testsuite name="LightCells test post_compress_90 test" tests="1" errors="0" failures="0" skipped="0" timestamp="2026-02-13T07:11:27" time="1.227">
    <testcase classname="LightCells test post_compress_90 test" name="should call PostCompress successfully" time="1.225">
    </testcase>
  </testsuite>
  <testsuite name="LightCells test post_merge_html_true test" tests="1" errors="0" failures="0" skipped="0" timestamp="2026-02-13T07:11:28" time="1.222">
    <testcase classname="LightCells test post_merge_html_true test" name="should call PostMerge successfully" time="1.217">
    </testcase>
  </testsuite>
  <testsuite name="LightCells test post_merge_pdf_true test" tests="1" errors="0" failures="0" skipped="0" timestamp="2026-02-13T07:11:29" time="2.361">
    <testcase classname="LightCells test post_merge_pdf_true test" name="should call PostMerge successfully" time="2.356">
    </testcase>
  </testsuite>
  <testsuite name="LightCells test post_merge_xlsx_true test" tests="1" errors="0" failures="0" skipped="0" timestamp="2026-02-13T07:11:32" time="1.068">
    <testcase classname="LightCells test post_merge_xlsx_true test" name="should call PostMerge successfully" time="1.063">
    </testcase>
  </testsuite>
  <testsuite name="LightCells test post_merge_json_false test" tests="1" errors="0" failures="0" skipped="0" timestamp="2026-02-13T07:11:33" time="0.574">
    <testcase classname="LightCells test post_merge_json_false test" name="should call PostMerge successfully" time="0.568">
    </testcase>
  </testsuite>
  <testsuite name="LightCells test post_unlock test" tests="1" errors="0" failures="0" skipped="0" timestamp="2026-02-13T07:11:33" time="1.226">
    <testcase classname="LightCells test post_unlock test" name="should call PostUnlock successfully" time="1.221">
    </testcase>
  </testsuite>
  <testsuite name="LightCells test post_lock test" tests="1" errors="0" failures="0" skipped="0" timestamp="2026-02-13T07:11:34" time="1.527">
    <testcase classname="LightCells test post_lock test" name="should call PostLock successfully" time="1.522">
    </testcase>
  </testsuite>
  <testsuite name="LightCells test post_protect test" tests="1" errors="0" failures="0" skipped="0" timestamp="2026-02-13T07:11:36" time="0.714">
    <testcase classname="LightCells test post_protect test" name="should call PostProtect successfully" time="0.712">
    </testcase>
  </testsuite>
  <testsuite name="LightCells test post_protect__protect_workbook_request test" tests="1" errors="0" failures="0" skipped="0" timestamp="2026-02-13T07:11:37" time="0.418">
    <testcase classname="LightCells test post_protect__protect_workbook_request test" name="should call PostProtect successfully" time="0.414">
    </testcase>
  </testsuite>
  <testsuite name="LightCells test post_search test" tests="1" errors="0" failures="0" skipped="0" timestamp="2026-02-13T07:11:37" time="0.386">
    <testcase classname="LightCells test post_search test" name="should call PostSearch successfully" time="0.381">
    </testcase>
  </testsuite>
  <testsuite name="LightCells test post_replace test" tests="1" errors="0" failures="0" skipped="0" timestamp="2026-02-13T07:11:37" time="0.39">
    <testcase classname="LightCells test post_replace test" name="should call PostReplace successfully" time="0.384">
    </testcase>
  </testsuite>
  <testsuite name="LightCells test post_replace_only_sheetname test" tests="1" errors="0" failures="0" skipped="0" timestamp="2026-02-13T07:11:38" time="0.393">
    <testcase classname="LightCells test post_replace_only_sheetname test" name="should call PostReplace successfully" time="0.387">
    </testcase>
  </testsuite>
  <testsuite name="LightCells test post_watermark test" tests="1" errors="0" failures="0" skipped="0" timestamp="2026-02-13T07:11:38" time="0.383">
    <testcase classname="LightCells test post_watermark test" name="should call PostWatermark successfully" time="0.383">
    </testcase>
  </testsuite>
  <testsuite name="LightCells test post_clear_objects_chart test" tests="1" errors="0" failures="0" skipped="0" timestamp="2026-02-13T07:11:39" time="4.683">
    <testcase classname="LightCells test post_clear_objects_chart test" name="should call PostClearObjects successfully" time="4.677">
    </testcase>
  </testsuite>
  <testsuite name="LightCells test post_clear_objects_comment test" tests="1" errors="0" failures="0" skipped="0" timestamp="2026-02-13T07:11:43" time="2.944">
    <testcase classname="LightCells test post_clear_objects_comment test" name="should call PostClearObjects successfully" time="2.94">
    </testcase>
  </testsuite>
  <testsuite name="LightCells test post_clear_objects_picture test" tests="1" errors="0" failures="0" skipped="0" timestamp="2026-02-13T07:11:46" time="3.791">
    <testcase classname="LightCells test post_clear_objects_picture test" name="should call PostClearObjects successfully" time="3.786">
    </testcase>
  </testsuite>
  <testsuite name="LightCells test post_clear_objects_shape test" tests="1" errors="0" failures="0" skipped="0" timestamp="2026-02-13T07:11:50" time="1.333">
    <testcase classname="LightCells test post_clear_objects_shape test" name="should call PostClearObjects successfully" time="1.332">
    </testcase>
  </testsuite>
  <testsuite name="LightCells test post_clear_objects_listobject test" tests="1" errors="0" failures="0" skipped="0" timestamp="2026-02-13T07:11:51" time="4.208">
    <testcase classname="LightCells test post_clear_objects_listobject test" name="should call PostClearObjects successfully" time="4.206">
    </testcase>
  </testsuite>
  <testsuite name="LightCells test post_clear_objects_hyperlink test" tests="1" errors="0" failures="0" skipped="0" timestamp="2026-02-13T07:11:56" time="3.465">
    <testcase classname="LightCells test post_clear_objects_hyperlink test" name="should call PostClearObjects successfully" time="3.459">
    </testcase>
  </testsuite>
  <testsuite name="LightCells test post_clear_objects_oleobject test" tests="1" errors="0" failures="0" skipped="0" timestamp="2026-02-13T07:11:59" time="2.879">
    <testcase classname="LightCells test post_clear_objects_oleobject test" name="should call PostClearObjects successfully" time="2.878">
    </testcase>
  </testsuite>
  <testsuite name="LightCells test post_clear_objects_pivottable test" tests="1" errors="0" failures="0" skipped="0" timestamp="2026-02-13T07:12:02" time="3.378">
    <testcase classname="LightCells test post_clear_objects_pivottable test" name="should call PostClearObjects successfully" time="3.376">
    </testcase>
  </testsuite>
  <testsuite name="LightCells test post_clear_objects_validation test" tests="1" errors="0" failures="0" skipped="0" timestamp="2026-02-13T07:12:05" time="3.121">
    <testcase classname="LightCells test post_clear_objects_validation test" name="should call PostClearObjects successfully" time="3.116">
    </testcase>
  </testsuite>
  <testsuite name="LightCells test post_clear_objects__background test" tests="1" errors="0" failures="0" skipped="0" timestamp="2026-02-13T07:12:08" time="2.988">
    <testcase classname="LightCells test post_clear_objects__background test" name="should call PostClearObjects successfully" time="2.981">
    </testcase>
  </testsuite>
  <testsuite name="LightCells test post_repair_xlsx test" tests="1" errors="0" failures="0" skipped="0" timestamp="2026-02-13T07:12:11" time="3.611">
    <testcase classname="LightCells test post_repair_xlsx test" name="should call PostRepair successfully" time="3.609">
    </testcase>
  </testsuite>
  <testsuite name="LightCells test post_repair_pdf test" tests="1" errors="0" failures="0" skipped="0" timestamp="2026-02-13T07:12:15" time="2.15">
    <testcase classname="LightCells test post_repair_pdf test" name="should call PostRepair successfully" time="2.145">
    </testcase>
  </testsuite>
  <testsuite name="LightCells test post_reverse_rows_pdf test" tests="1" errors="0" failures="0" skipped="0" timestamp="2026-02-13T07:12:17" time="2.975">
[...]
    </testcase>
  </testsuite>
  <testsuite name="Protection test protect_spreadsheet test" tests="1" errors="0" failures="0" skipped="0" timestamp="2026-02-13T07:15:24" time="0.953">
    <testcase classname="Protection test protect_spreadsheet test" name="should call ProtectSpreadsheet successfully" time="0.947">
    </testcase>
  </testsuite>
  <testsuite name="Protection test unprotect_spreadsheet test" tests="1" errors="0" failures="0" skipped="0" timestamp="2026-02-13T07:15:25" time="1.375">
    <testcase classname="Protection test unprotect_spreadsheet test" name="should call UnprotectSpreadsheet successfully" time="1.37">
    </testcase>
  </testsuite>
  <testsuite name="Splitter test split_local_file test" tests="1" errors="0" failures="0" skipped="0" timestamp="2026-02-13T07:15:27" time="4.183">
    <testcase classname="Splitter test split_local_file test" name="should call SplitSpreadsheet successfully" time="4.182">
    </testcase>
  </testsuite>
  <testsuite name="Splitter test split_local_file_to_remote_folder test" tests="1" errors="0" failures="0" skipped="0" timestamp="2026-02-13T07:15:31" time="1.885">
    <testcase classname="Splitter test split_local_file_to_remote_folder test" name="should call SplitSpreadsheet successfully" time="1.88">
    </testcase>
  </testsuite>
  <testsuite name="Splitter test split_file_in_remote test" tests="1" errors="0" failures="0" skipped="0" timestamp="2026-02-13T07:15:33" time="2.663">
    <testcase classname="Splitter test split_file_in_remote test" name="should call SplitRemoteSpreadsheet successfully" time="2.662">
    </testcase>
  </testsuite>
  <testsuite name="FileController test download_file test" tests="1" errors="0" failures="0" skipped="0" timestamp="2026-02-13T07:15:35" time="3.53">
    <testcase classname="FileController test download_file test" name="should call DownloadFile successfully" time="3.529">
    </testcase>
  </testsuite>
  <testsuite name="FileController test upload_file test" tests="1" errors="0" failures="0" skipped="0" timestamp="2026-02-13T07:15:39" time="0.555">
    <testcase classname="FileController test upload_file test" name="should call UploadFile successfully" time="0.554">
    </testcase>
  </testsuite>
  <testsuite name="FileController test copy_file test" tests="1" errors="0" failures="0" skipped="0" timestamp="2026-02-13T07:15:39" time="0.316">
    <testcase classname="FileController test copy_file test" name="should call CopyFile successfully" time="0.308">
    </testcase>
  </testsuite>
  <testsuite name="FolderController test get_files_list test" tests="1" errors="0" failures="0" skipped="0" timestamp="2026-02-13T07:15:40" time="1.132">
    <testcase classname="FolderController test get_files_list test" name="should call GetFilesList successfully" time="1.13">
    </testcase>
  </testsuite>
  <testsuite name="FolderController test create_folder test" tests="1" errors="0" failures="0" skipped="0" timestamp="2026-02-13T07:15:41" time="0.28">
    <testcase classname="FolderController test create_folder test" name="should call CreateFolder successfully" time="0.275">
    </testcase>
  </testsuite>
  <testsuite name="FolderController test copy_folder test" tests="1" errors="0" failures="0" skipped="0" timestamp="2026-02-13T07:15:41" time="2.917">
    <testcase classname="FolderController test copy_folder test" name="should call CopyFolder successfully" time="2.916">
    </testcase>
  </testsuite>
  <testsuite name="FolderController test move_folder test" tests="1" errors="0" failures="0" skipped="0" timestamp="2026-02-13T07:15:44" time="6.683">
    <testcase classname="FolderController test move_folder test" name="should call MoveFolder successfully" time="6.681">
    </testcase>
  </testsuite>
  <testsuite name="FolderController test delete_folder test" tests="1" errors="0" failures="0" skipped="0" timestamp="2026-02-13T07:15:51" time="0.258">
    <testcase classname="FolderController test delete_folder test" name="should call DeleteFolder successfully" time="0.257">
    </testcase>
  </testsuite>
  <testsuite name="StorageController test storage_exists test" tests="1" errors="0" failures="0" skipped="0" timestamp="2026-02-13T07:15:51" time="0.887">
    <testcase classname="StorageController test storage_exists test" name="should call StorageExists successfully" time="0.881">
    </testcase>
  </testsuite>
  <testsuite name="StorageController test object_exists test" tests="1" errors="0" failures="0" skipped="0" timestamp="2026-02-13T07:15:52" time="0.504">
    <testcase classname="StorageController test object_exists test" name="should call ObjectExists successfully" time="0.498">
    </testcase>
  </testsuite>
  <testsuite name="StorageController test get_disc_usage test" tests="1" errors="0" failures="0" skipped="0" timestamp="2026-02-13T07:15:52" time="2.061">
    <testcase classname="StorageController test get_disc_usage test" name="should call GetDiscUsage successfully" time="2.06">
    </testcase>
  </testsuite>
  <testsuite name="StorageController test get_file_versions test" tests="1" errors="0" failures="0" skipped="0" timestamp="2026-02-13T07:15:55" time="0.324">
    <testcase classname="StorageController test get_file_versions test" name="should call GetFileVersions successfully" time="0.318">
    </testcase>
  </testsuite>
  <testsuite name="Management test create_spreadsheet test" tests="1" errors="0" failures="0" skipped="0" timestamp="2026-02-13T07:15:55" time="0.587">
    <testcase classname="Management test create_spreadsheet test" name="should call CreateSpreadsheet successfully" time="0.582">
    </testcase>
  </testsuite>
  <testsuite name="Management test create_spreadsheet_with_template test" tests="1" errors="0" failures="0" skipped="0" timestamp="2026-02-13T07:15:55" time="4.252">
    <testcase classname="Management test create_spreadsheet_with_template test" name="should call CreateSpreadsheet successfully" time="4.25">
    </testcase>
  </testsuite>
  <testsuite name="Management test add_worksheet test" tests="1" errors="0" failures="0" skipped="0" timestamp="2026-02-13T07:16:00" time="0.458">
    <testcase classname="Management test add_worksheet test" name="should call AddWorksheetToSpreadsheet successfully" time="0.458">
    </testcase>
  </testsuite>
  <testsuite name="Management test delete_worksheet test" tests="1" errors="0" failures="0" skipped="0" timestamp="2026-02-13T07:16:00" time="0.446">
    <testcase classname="Management test delete_worksheet test" name="should call DeleteWorksheetFromSpreadsheet successfully" time="0.44">
    </testcase>
  </testsuite>
  <testsuite name="Management test rename_worksheet test" tests="1" errors="0" failures="0" skipped="0" timestamp="2026-02-13T07:16:01" time="0.407">
    <testcase classname="Management test rename_worksheet test" name="should call RenameWorksheetInSpreadsheet successfully" time="0.402">
    </testcase>
  </testsuite>
  <testsuite name="Management test move_worksheet test" tests="1" errors="0" failures="0" skipped="0" timestamp="2026-02-13T07:16:01" time="0.595">
    <testcase classname="Management test move_worksheet test" name="should call MoveWorksheetInSpreadsheet successfully" time="0.594">
    </testcase>
  </testsuite>
  <testsuite name="Management test compress_spreadsheet test" tests="1" errors="0" failures="0" skipped="0" timestamp="2026-02-13T07:16:02" time="0.765">
    <testcase classname="Management test compress_spreadsheet test" name="should call CompressSpreadsheet successfully" time="0.759">
    </testcase>
  </testsuite>
  <testsuite name="Replacer test replace_text_in_local_file test" tests="1" errors="0" failures="0" skipped="0" timestamp="2026-02-13T07:16:02" time="0.667">
    <testcase classname="Replacer test replace_text_in_local_file test" name="should call ReplaceSpreadsheetContent successfully" time="0.662">
    </testcase>
  </testsuite>
  <testsuite name="Replacer test replace_text_from_worksheet_in_local_file test" tests="1" errors="0" failures="0" skipped="0" timestamp="2026-02-13T07:16:03" time="0.398">
    <testcase classname="Replacer test replace_text_from_worksheet_in_local_file test" name="should call ReplaceSpreadsheetContent successfully" time="0.392">
    </testcase>
  </testsuite>
  <testsuite name="Replacer test replace_text_in_remote_range test" tests="1" errors="0" failures="0" skipped="0" timestamp="2026-02-13T07:16:03" time="0.425">
    <testcase classname="Replacer test replace_text_in_remote_range test" name="should call ReplaceContentInRemoteRange successfully" time="0.42">
    </testcase>
  </testsuite>
  <testsuite name="Searcher test search_text_in_local_file test" tests="1" errors="0" failures="0" skipped="0" timestamp="2026-02-13T07:16:04" time="0.646">
    <testcase classname="Searcher test search_text_in_local_file test" name="should call SearchSpreadsheetContent successfully" time="0.64">
    </testcase>
  </testsuite>
  <testsuite name="Searcher test search_text_from_worksheet_in_local_file test" tests="1" errors="0" failures="0" skipped="0" timestamp="2026-02-13T07:16:05" time="0.409">
    <testcase classname="Searcher test search_text_from_worksheet_in_local_file test" name="should call SearchSpreadsheetContent successfully" time="0.404">
    </testcase>
  </testsuite>
  <testsuite name="Searcher test search_text_in_remote_spreadsheet test" tests="1" errors="0" failures="0" skipped="0" timestamp="2026-02-13T07:16:05" time="0.283">
    <testcase classname="Searcher test search_text_in_remote_spreadsheet test" name="should call SearchContentInRemoteSpreadsheet successfully" time="0.282">
    </testcase>
  </testsuite>
  <testsuite name="Searcher test search_text_in_remote_range test" tests="1" errors="0" failures="0" skipped="0" timestamp="2026-02-13T07:16:05" time="0.306">
    <testcase classname="Searcher test search_text_in_remote_range test" name="should call SearchContentInRemoteRange successfully" time="0.305">
    </testcase>
  </testsuite>
  <testsuite name="Searcher test search_spreadsheet_broken_links test" tests="1" errors="0" failures="0" skipped="0" timestamp="2026-02-13T07:16:06" time="0.892">
    <testcase classname="Searcher test search_spreadsheet_broken_links test" name="should call SearchSpreadsheetBrokenLinks successfully" time="0.888">
    </testcase>
  </testsuite>
  <testsuite name="Searcher test search_broken_links_in_remote_spreadsheet test" tests="1" errors="0" failures="0" skipped="0" timestamp="2026-02-13T07:16:06" time="0.443">
    <testcase classname="Searcher test search_broken_links_in_remote_spreadsheet test" name="should call SearchBrokenLinksInRemoteSpreadsheet successfully" time="0.441">
    </testcase>
  </testsuite>
  <testsuite name="Searcher test search_broken_links_in_remote_worksheet test" tests="1" errors="0" failures="0" skipped="0" timestamp="2026-02-13T07:16:07" time="0.374">
    <testcase classname="Searcher test search_broken_links_in_remote_worksheet test" name="should call SearchBrokenLinksInRemoteWorksheet successfully" time="0.372">
    </testcase>
  </testsuite>
  <testsuite name="Searcher test search_broken_links_in_remote_range test" tests="1" errors="0" failures="0" skipped="0" timestamp="2026-02-13T07:16:07" time="0.327">
    <testcase classname="Searcher test search_broken_links_in_remote_range test" name="should call SearchBrokenLinksInRemoteRange successfully" time="0.327">
    </testcase>
  </testsuite>
  <testsuite name="AddText test add_text test" tests="1" errors="0" failures="0" skipped="0" timestamp="2026-02-13T07:16:08" time="0.831">
    <testcase classname="AddText test add_text test" name="should call AddText successfully" time="0.83">
    </testcase>
  </testsuite>
  <testsuite name="AddText test add_text_skip_empty_cells test" tests="1" errors="0" failures="0" skipped="0" timestamp="2026-02-13T07:16:08" time="0.611">
    <testcase classname="AddText test add_text_skip_empty_cells test" name="should call AddText successfully" time="0.61">
    </testcase>
  </testsuite>
  <testsuite name="AddText test add_text_in_range test" tests="1" errors="0" failures="0" skipped="0" timestamp="2026-02-13T07:16:09" time="0.57">
    <testcase classname="AddText test add_text_in_range test" name="should call AddText successfully" time="0.564">
    </testcase>
  </testsuite>
  <testsuite name="AddText test add_text_before_text test" tests="1" errors="0" failures="0" skipped="0" timestamp="2026-02-13T07:16:10" time="0.619">
    <testcase classname="AddText test add_text_before_text test" name="should call AddText successfully" time="0.617">
    </testcase>
  </testsuite>
  <testsuite name="ConvertText test convert_text test" tests="1" errors="0" failures="0" skipped="0" timestamp="2026-02-13T07:16:10" time="0.821">
    <testcase classname="ConvertText test convert_text test" name="should call ConvertText successfully" time="0.815">
    </testcase>
  </testsuite>
  <testsuite name="ConvertText test convert_text_with_convert_characters test" tests="1" errors="0" failures="0" skipped="0" timestamp="2026-02-13T07:16:11" time="0.594">
    <testcase classname="ConvertText test convert_text_with_convert_characters test" name="should call ConvertText successfully" time="0.593">
    </testcase>
  </testsuite>
  <testsuite name="ConvertText test convert_text_with_convert_write_space test" tests="1" errors="0" failures="0" skipped="0" timestamp="2026-02-13T07:16:12" time="0.576">
    <testcase classname="ConvertText test convert_text_with_convert_write_space test" name="should call ConvertText successfully" time="0.571">
    </testcase>
  </testsuite>
  <testsuite name="ExtractText test extract_text test" tests="1" errors="0" failures="1" skipped="0" timestamp="2026-02-13T07:16:12" time="0.674">
    <testcase classname="ExtractText test extract_text test" name="should call ExtractText successfully" time="0.669">
      <failure message="the object {
  &quot;code&quot;: 400
  &quot;message&quot;: [undefined]
} was thrown, throw an Error :)"></failure>
    </testcase>
  </testsuite>
  <testsuite name="ExtractText test extract_text_with_extract_last_character test" tests="1" errors="0" failures="1" skipped="0" timestamp="2026-02-13T07:16:13" time="0.389">
    <testcase classname="ExtractText test extract_text_with_extract_last_character test" name="should call ExtractText successfully" time="0.388">
      <failure message="the object {
  &quot;code&quot;: 400
  &quot;message&quot;: [undefined]
} was thrown, throw an Error :)"></failure>
    </testcase>
  </testsuite>
  <testsuite name="ExtractText test extract_text_with_extract_text_after test" tests="1" errors="0" failures="1" skipped="0" timestamp="2026-02-13T07:16:13" time="0.589">
    <testcase classname="ExtractText test extract_text_with_extract_text_after test" name="should call ExtractText successfully" time="0.581">
      <failure message="the object {
  &quot;code&quot;: 400
  &quot;message&quot;: [undefined]
} was thrown, throw an Error :)"></failure>
    </testcase>
  </testsuite>
  <testsuite name="RemoveCharacters test remove_characters_with_first_n_characters test" tests="1" errors="0" failures="0" skipped="0" timestamp="2026-02-13T07:16:14" time="0.853">
    <testcase classname="RemoveCharacters test remove_characters_with_first_n_characters test" name="should call RemoveCharacters successfully" time="0.849">
    </testcase>
  </testsuite>
  <testsuite name="RemoveCharacters test remove_characters_with_all_characters_before_text test" tests="1" errors="0" failures="0" skipped="0" timestamp="2026-02-13T07:16:15" time="0.571">
    <testcase classname="RemoveCharacters test remove_characters_with_all_characters_before_text test" name="should call RemoveCharacters successfully" time="0.571">
    </testcase>
  </testsuite>
  <testsuite name="RemoveCharacters test remove_characters test" tests="1" errors="0" failures="0" skipped="0" timestamp="2026-02-13T07:16:15" time="0.418">
    <testcase classname="RemoveCharacters test remove_characters test" name="should call RemoveCharacters successfully" time="0.414">
    </testcase>
  </testsuite>
  <testsuite name="SplitText test split_text test" tests="1" errors="0" failures="1" skipped="0" timestamp="2026-02-13T07:16:16" time="0.002">
    <testcase classname="SplitText test split_text test" name="should call SplitText successfully" time="0">
      <failure message="the object {
  &quot;0&quot;: &quot;R&quot;
  &quot;1&quot;: &quot;e&quot;
  &quot;2&quot;: &quot;q&quot;
  &quot;3&quot;: &quot;u&quot;
  &quot;4&quot;: &quot;i&quot;
  &quot;5&quot;: &quot;r&quot;
  &quot;6&quot;: &quot;e&quot;
  &quot;7&quot;: &quot;d&quot;
  &quot;8&quot;: &quot; &quot;
  &quot;9&quot;: &quot;p&quot;
  &quot;10&quot;: &quot;a&quot;
  &quot;11&quot;: &quot;r&quot;
  &quot;12&quot;: &quot;a&quot;
  &quot;13&quot;: &quot;m&quot;
  &quot;14&quot;: &quot;e&quot;
  &quot;15&quot;: &quot;t&quot;
  &quot;16&quot;: &quot;e&quot;
  &quot;17&quot;: &quot;r&quot;
  &quot;18&quot;: &quot; &quot;
  &quot;19&quot;: &quot;\&quot;&quot;
  &quot;20&quot;: &quot;d&quot;
  &quot;21&quot;: &quot;e&quot;
  &quot;22&quot;: &quot;l&quot;
  &quot;23&quot;: &quot;i&quot;
  &quot;24&quot;: &quot;m&quot;
  &quot;25&quot;: &quot;i&quot;
  &quot;26&quot;: &quot;t&quot;
  &quot;27&quot;: &quot;e&quot;
  &quot;28&quot;: &quot;r&quot;
  &quot;29&quot;: &quot;s&quot;
  &quot;30&quot;: &quot;\&quot;&quot;
  &quot;31&quot;: &quot; &quot;
  &quot;32&quot;: &quot;w&quot;
  &quot;33&quot;: &quot;a&quot;
  &quot;34&quot;: &quot;s&quot;
  &quot;35&quot;: &quot; &quot;
  &quot;36&quot;: &quot;n&quot;
  &quot;37&quot;: &quot;u&quot;
  &quot;38&quot;: &quot;l&quot;
  &quot;39&quot;: &quot;l&quot;
  &quot;40&quot;: &quot; &quot;
  &quot;41&quot;: &quot;o&quot;
  &quot;42&quot;: &quot;r&quot;
  &quot;43&quot;: &quot; &quot;
  &quot;44&quot;: &quot;u&quot;
  &quot;45&quot;: &quot;n&quot;
  &quot;46&quot;: &quot;d&quot;
  &quot;47&quot;: &quot;e&quot;
  &quot;48&quot;: &quot;f&quot;
  &quot;49&quot;: &quot;i&quot;
  &quot;50&quot;: &quot;n&quot;
  &quot;51&quot;: &quot;e&quot;
  &quot;52&quot;: &quot;d&quot;
  &quot;53&quot;: &quot; &quot;
  &quot;54&quot;: &quot;w&quot;
  &quot;55&quot;: &quot;h&quot;
  &quot;56&quot;: &quot;e&quot;
  &quot;57&quot;: &quot;n&quot;
  &quot;58&quot;: &quot; &quot;
  &quot;59&quot;: &quot;c&quot;
  &quot;60&quot;: &quot;a&quot;
  &quot;61&quot;: &quot;l&quot;
  &quot;62&quot;: &quot;l&quot;
  &quot;63&quot;: &quot;i&quot;
  &quot;64&quot;: &quot;n&quot;
  &quot;65&quot;: &quot;g&quot;
  &quot;66&quot;: &quot; &quot;
  &quot;67&quot;: &quot;S&quot;
  &quot;68&quot;: &quot;p&quot;
  &quot;69&quot;: &quot;l&quot;
  &quot;70&quot;: &quot;i&quot;
  &quot;71&quot;: &quot;t&quot;
  &quot;72&quot;: &quot;T&quot;
  &quot;73&quot;: &quot;e&quot;
  &quot;74&quot;: &quot;x&quot;
  &quot;75&quot;: &quot;t&quot;
  &quot;76&quot;: &quot;.&quot;
} was thrown, throw an Error :)"></failure>
    </testcase>
  </testsuite>
  <testsuite name="UpdateWordCase test update_word_case test" tests="1" errors="0" failures="0" skipped="0" timestamp="2026-02-13T07:16:16" time="0.842">
    <testcase classname="UpdateWordCase test update_word_case test" name="should call UpdateWordCase successfully" time="0.84">
    </testcase>
  </testsuite>
  <testsuite name="UpdateWordCase test update_word_case_in_range test" tests="1" errors="0" failures="0" skipped="0" timestamp="2026-02-13T07:16:17" time="0.562">
    <testcase classname="UpdateWordCase test update_word_case_in_range test" name="should call UpdateWordCase successfully" time="0.561">
    </testcase>
  </testsuite>
  <testsuite name="UpdateWordCase test update_word_case_in_spreadsheet test" tests="1" errors="0" failures="0" skipped="0" timestamp="2026-02-13T07:16:17" time="0.764">
    <testcase classname="UpdateWordCase test update_word_case_in_spreadsheet test" name="should call UpdateWordCase successfully" time="0.763">
    </testcase>
  </testsuite>
</testsuites>